2026-01-12 00:52:54 | INFO     | voltx | Starting VOLT-X in [DRY-RUN] mode | Run ID: 2026-01-12_full_day_v1
2026-01-12 00:52:54 | INFO     | voltx | Updating Universe...
2026-01-12 00:52:54 | INFO     | voltx | Scanning for Top Movers...
2026-01-12 00:52:56 | INFO     | voltx | Volume filtered candidates: 27
2026-01-12 00:53:06 | INFO     | voltx | Selected Top 10 Movers:
2026-01-12 00:53:06 | INFO     | voltx | 1. KRW-HYPER (Score: 2.93e+09, Vol: 0.0434)
2026-01-12 00:53:06 | INFO     | voltx | 2. KRW-DEEP (Score: 1.26e+09, Vol: 0.0234)
2026-01-12 00:53:06 | INFO     | voltx | 3. KRW-AKT (Score: 1.08e+09, Vol: 0.0191)
2026-01-12 00:53:06 | INFO     | voltx | 4. KRW-BOUNTY (Score: 9.67e+08, Vol: 0.0236)
2026-01-12 00:53:06 | INFO     | voltx | 5. KRW-SAHARA (Score: 8.47e+08, Vol: 0.0251)
2026-01-12 00:53:06 | INFO     | voltx | 6. KRW-API3 (Score: 8.00e+08, Vol: 0.0260)
2026-01-12 00:53:06 | INFO     | voltx | 7. KRW-CTC (Score: 6.97e+08, Vol: 0.0197)
2026-01-12 00:53:06 | INFO     | voltx | 8. KRW-POL (Score: 6.60e+08, Vol: 0.0202)
2026-01-12 00:53:06 | INFO     | voltx | 9. KRW-GMT (Score: 4.94e+08, Vol: 0.0161)
2026-01-12 00:53:06 | INFO     | voltx | 10. KRW-GRS (Score: 2.89e+08, Vol: 0.0168)
2026-01-12 00:53:06 | INFO     | voltx | Hot Symbols: ['KRW-HYPER', 'KRW-DEEP', 'KRW-AKT', 'KRW-BOUNTY', 'KRW-SAHARA', 'KRW-API3', 'KRW-CTC', 'KRW-POL', 'KRW-GMT', 'KRW-GRS']
2026-01-12 00:53:06 | INFO     | voltx | Updating Regime...
2026-01-12 00:53:07 | INFO     | voltx | Regime: FLAT (24h: -0.05%, 72h: 0.59%, Vol: 0.0033)
2026-01-12 00:53:07 | INFO     | voltx | Current Regime: FLAT
2026-01-12 01:05:05 | INFO     | voltx | Signal Generated: BUY KRW-AKT (DIP: Drop 1.6%, RSI 34.6, BB Touch)
2026-01-12 01:05:05 | INFO     | voltx | [PAPER BUY] KRW-AKT Qty:408.1633 Price:735.0 Cost:300000 | DIP: Drop 1.6%, RSI 34.6, BB Touch
2026-01-12 01:27:46 | INFO     | voltx | KRW-HYPER: Volume Spike Detected (Rel: 3.2x)
2026-01-12 01:32:35 | INFO     | voltx | KRW-CTC: Volume Spike Detected (Rel: 3.5x)
2026-01-12 01:32:36 | INFO     | voltx | KRW-GMT: Volume Spike Detected (Rel: 4.1x)
2026-01-12 01:33:49 | INFO     | voltx | KRW-GRS: Volume Spike Detected (Rel: 3.7x)
2026-01-12 01:34:59 | INFO     | voltx | KRW-GRS: Volume Climax Detected! (Rel: 5.2x, Shadow: 0.50)
2026-01-12 01:52:54 | INFO     | voltx | Updating Regime...
2026-01-12 01:52:54 | INFO     | voltx | Regime: FLAT (24h: 0.27%, 72h: 0.84%, Vol: 0.0032)
2026-01-12 01:52:54 | INFO     | voltx | Current Regime: FLAT
2026-01-12 02:17:03 | INFO     | voltx | KRW-POL: Volume Spike Detected (Rel: 4.2x)
2026-01-12 02:18:15 | INFO     | voltx | KRW-BOUNTY: Volume Spike Detected (Rel: 5.0x)
2026-01-12 02:21:53 | INFO     | voltx | KRW-API3: Volume Spike Detected (Rel: 3.1x)
2026-01-12 02:44:36 | INFO     | voltx | KRW-SAHARA: Volume Spike Detected (Rel: 3.8x)
2026-01-12 02:52:55 | INFO     | voltx | Updating Regime...
2026-01-12 02:52:56 | INFO     | voltx | Regime: FLAT (24h: 0.23%, 72h: 0.81%, Vol: 0.0032)
2026-01-12 02:52:56 | INFO     | voltx | Current Regime: FLAT
2026-01-12 02:52:57 | INFO     | voltx | KRW-DEEP: Volume Spike Detected (Rel: 3.1x)
2026-01-12 03:26:31 | INFO     | voltx | KRW-AKT: Volume Spike Detected (Rel: 4.8x)
2026-01-12 03:30:16 | INFO     | voltx | Signal Generated: BUY KRW-POL (DIP: Drop 2.0%, RSI 50.0, BB Touch)
2026-01-12 03:30:16 | INFO     | voltx | [PAPER BUY] KRW-POL Qty:1173.3871 Price:248.0 Cost:291000 | DIP: Drop 2.0%, RSI 50.0, BB Touch
2026-01-12 03:31:28 | INFO     | voltx | Signal Generated: BUY KRW-POL (DIP: Drop 2.0%, RSI 50.0, BB Touch)
2026-01-12 03:32:41 | INFO     | voltx | Signal Generated: BUY KRW-POL (DIP: Drop 2.0%, RSI 50.0, BB Touch)
2026-01-12 03:33:51 | INFO     | voltx | Signal Generated: BUY KRW-POL (DIP: Drop 1.6%, RSI 45.5, BB Touch)
2026-01-12 03:35:04 | INFO     | voltx | Signal Generated: BUY KRW-POL (DIP: Drop 1.6%, RSI 45.5, BB Touch)
2026-01-12 03:36:16 | INFO     | voltx | Signal Generated: BUY KRW-POL (DIP: Drop 1.6%, RSI 45.5, BB Touch)
2026-01-12 03:51:54 | INFO     | voltx | Signal Generated: BUY KRW-API3 (DIP: Drop 1.5%, RSI 47.8, BB Touch)
2026-01-12 03:51:54 | INFO     | voltx | [PAPER BUY] KRW-API3 Qty:402.6676 Price:701.0 Cost:282270 | DIP: Drop 1.5%, RSI 47.8, BB Touch
2026-01-12 03:52:56 | INFO     | voltx | Updating Regime...
2026-01-12 03:52:57 | INFO     | voltx | Regime: FLAT (24h: 0.07%, 72h: 0.65%, Vol: 0.0032)
2026-01-12 03:52:57 | INFO     | voltx | Current Regime: FLAT
2026-01-12 03:53:06 | INFO     | voltx | Signal Generated: BUY KRW-API3 (DIP: Drop 1.5%, RSI 47.8, BB Touch)
2026-01-12 03:54:19 | INFO     | voltx | Signal Generated: BUY KRW-API3 (DIP: Drop 1.5%, RSI 47.8, BB Touch)
2026-01-12 04:02:39 | INFO     | voltx | KRW-DEEP: Volume Climax Detected! (Rel: 10.5x, Shadow: 0.70)
2026-01-12 04:34:30 | INFO     | voltx | Signal Generated: BUY KRW-GMT (DIP: Drop 1.6%, RSI 40.0, BB Touch)
2026-01-12 04:34:30 | INFO     | voltx | [PAPER BUY] KRW-GMT Qty:9126.7300 Price:30.0 Cost:273802 | DIP: Drop 1.6%, RSI 40.0, BB Touch
2026-01-12 04:35:36 | INFO     | voltx | KRW-POL: Volume Climax Detected! (Rel: 17.8x, Shadow: 0.50)
2026-01-12 04:35:44 | INFO     | voltx | Signal Generated: BUY KRW-GMT (DIP: Drop 1.6%, RSI 40.0, BB Touch)
2026-01-12 04:36:50 | INFO     | voltx | KRW-POL: Volume Climax Detected! (Rel: 17.8x, Shadow: 0.50)
2026-01-12 04:36:52 | INFO     | voltx | Signal Generated: BUY KRW-DEEP (DIP: Drop 1.7%, RSI 46.4, BB Touch)
2026-01-12 04:36:52 | INFO     | voltx | [PAPER BUY] KRW-DEEP Qty:3188.3294 Price:83.3 Cost:265588 | DIP: Drop 1.7%, RSI 46.4, BB Touch
2026-01-12 04:36:56 | INFO     | voltx | Signal Generated: BUY KRW-GMT (DIP: Drop 1.6%, RSI 33.3, BB Touch)
2026-01-12 04:38:10 | INFO     | voltx | Signal Generated: BUY KRW-GMT (DIP: Drop 1.6%, RSI 33.3, BB Touch)
2026-01-12 04:39:19 | INFO     | voltx | Signal Generated: BUY KRW-DEEP (DIP: Drop 1.7%, RSI 46.4, BB Touch)
2026-01-12 04:39:25 | INFO     | voltx | Signal Generated: BUY KRW-GMT (DIP: Drop 1.6%, RSI 33.3, BB Touch)
2026-01-12 04:40:39 | INFO     | voltx | Signal Generated: BUY KRW-GMT (DIP: Drop 2.0%, RSI 37.5, BB Touch)
2026-01-12 04:41:54 | INFO     | voltx | Signal Generated: BUY KRW-GMT (DIP: Drop 2.0%, RSI 37.5, BB Touch)
2026-01-12 04:46:36 | INFO     | voltx | KRW-HYPER: Volume Climax Detected! (Rel: 7.6x, Shadow: 0.50)
2026-01-12 04:46:38 | INFO     | voltx | KRW-BOUNTY: Volume Climax Detected! (Rel: 31.6x, Shadow: 0.57)
2026-01-12 04:46:38 | WARNING  | voltx | KRW-BOUNTY marked EXHAUSTED (Climax + RSI 70.0). Cooldown 60m.
2026-01-12 04:47:51 | INFO     | voltx | KRW-HYPER: Volume Climax Detected! (Rel: 8.2x, Shadow: 0.50)
2026-01-12 04:53:59 | INFO     | voltx | Updating Regime...
2026-01-12 04:54:00 | INFO     | voltx | Regime: FLAT (24h: 0.02%, 72h: 0.59%, Vol: 0.0032)
2026-01-12 04:54:00 | INFO     | voltx | Current Regime: FLAT
2026-01-12 05:06:28 | INFO     | voltx | Hard SL Triggered for KRW-GMT (PnL: -1.67%)
2026-01-12 05:06:28 | INFO     | voltx | [PAPER SELL] KRW-GMT Price:29.5 NetPnL:-4967 (-1.81%) | Hard SL
2026-01-12 05:12:30 | INFO     | voltx | Hard SL Triggered for KRW-API3 (PnL: -1.57%)
2026-01-12 05:12:30 | INFO     | voltx | [PAPER SELL] KRW-API3 Price:690.0 NetPnL:-4846 (-1.72%) | Hard SL
2026-01-12 05:18:22 | INFO     | voltx | KRW-SAHARA: Volume Climax Detected! (Rel: 7.1x, Shadow: 1.00)
2026-01-12 05:19:44 | INFO     | voltx | Hard SL Triggered for KRW-AKT (PnL: -1.63%)
2026-01-12 05:19:44 | INFO     | voltx | [PAPER SELL] KRW-AKT Price:723.0 NetPnL:-5340 (-1.78%) | Hard SL
2026-01-12 05:19:44 | ERROR    | voltx | 🚨 Daily Loss Limit Hit (-5.31%). Trading HALTED.
2026-01-12 05:20:57 | INFO     | voltx | Hard SL Triggered for KRW-DEEP (PnL: -1.56%)
2026-01-12 05:20:57 | INFO     | voltx | [PAPER SELL] KRW-DEEP Price:82.0 NetPnL:-4537 (-1.71%) | Hard SL
2026-01-12 05:20:57 | ERROR    | voltx | 🚨 Daily Loss Limit Hit (-7.02%). Trading HALTED.
2026-01-12 05:20:57 | ERROR    | voltx | 🚨 Consecutive Loss Limit (4). Trading HALTED.
2026-01-12 05:28:02 | INFO     | voltx | Hard SL Triggered for KRW-POL (PnL: -1.61%)
2026-01-12 05:28:02 | INFO     | voltx | [PAPER SELL] KRW-POL Price:244.0 NetPnL:-5123 (-1.76%) | Hard SL
2026-01-12 05:28:02 | ERROR    | voltx | 🚨 Daily Loss Limit Hit (-8.78%). Trading HALTED.
2026-01-12 05:28:02 | ERROR    | voltx | 🚨 Consecutive Loss Limit (5). Trading HALTED.
2026-01-12 05:46:48 | INFO     | voltx | KRW-BOUNTY: Exhaustion Cooldown Over. Resetting.
2026-01-12 05:55:11 | INFO     | voltx | Updating Regime...
2026-01-12 05:55:11 | INFO     | voltx | Regime: FLAT (24h: 0.08%, 72h: 0.32%, Vol: 0.0028)
2026-01-12 05:55:11 | INFO     | voltx | Current Regime: FLAT
2026-01-12 06:33:45 | INFO     | voltx | Signal Generated: BUY KRW-HYPER (DIP: Drop 2.6%, RSI 38.9, BB Touch)
2026-01-12 06:33:45 | INFO     | voltx | Signal blocked by Risk Manager (FLAT vs DIP)
2026-01-12 06:34:53 | INFO     | voltx | KRW-POL: Volume Climax Detected! (Rel: 13.8x, Shadow: 0.50)
2026-01-12 06:34:54 | INFO     | voltx | Signal Generated: BUY KRW-HYPER (DIP: Drop 2.6%, RSI 38.9, BB Touch)
2026-01-12 06:34:54 | INFO     | voltx | Signal blocked by Risk Manager (FLAT vs DIP)
2026-01-12 06:36:07 | INFO     | voltx | Signal Generated: BUY KRW-HYPER (DIP: Drop 2.2%, RSI 42.1, BB Touch)
2026-01-12 06:36:07 | INFO     | voltx | Signal blocked by Risk Manager (FLAT vs DIP)
2026-01-12 06:37:19 | INFO     | voltx | Signal Generated: BUY KRW-HYPER (DIP: Drop 2.2%, RSI 42.1, BB Touch)
2026-01-12 06:37:19 | INFO     | voltx | Signal blocked by Risk Manager (FLAT vs DIP)
2026-01-12 06:55:13 | INFO     | voltx | Updating Regime...
2026-01-12 06:55:14 | INFO     | voltx | Regime: FLAT (24h: 0.22%, 72h: 0.46%, Vol: 0.0029)
2026-01-12 06:55:14 | INFO     | voltx | Current Regime: FLAT
2026-01-12 07:55:14 | INFO     | voltx | Updating Regime...
2026-01-12 07:55:14 | INFO     | voltx | Regime: FLAT (24h: -0.03%, 72h: 0.22%, Vol: 0.0028)
2026-01-12 07:55:14 | INFO     | voltx | Current Regime: FLAT
2026-01-12 08:55:17 | INFO     | voltx | Updating Regime...
2026-01-12 08:55:17 | INFO     | voltx | Regime: FLAT (24h: 0.19%, 72h: 0.43%, Vol: 0.0029)
2026-01-12 08:55:17 | INFO     | voltx | Current Regime: FLAT
2026-01-12 08:55:30 | INFO     | voltx | Signal Generated: BUY KRW-GRS (DIP: Drop 1.9%, RSI 50.0, BB Touch)
2026-01-12 08:55:30 | INFO     | voltx | Signal blocked by Risk Manager (FLAT vs DIP)
2026-01-12 08:56:43 | INFO     | voltx | Signal Generated: BUY KRW-GRS (DIP: Drop 1.9%, RSI 50.0, BB Touch)
2026-01-12 08:56:43 | INFO     | voltx | Signal blocked by Risk Manager (FLAT vs DIP)
2026-01-12 09:00:15 | INFO     | voltx | Signal Generated: BUY KRW-GRS (DIP: Drop 2.4%, RSI 37.5, BB Touch)
2026-01-12 09:00:15 | INFO     | voltx | Signal blocked by Risk Manager (FLAT vs DIP)
2026-01-12 09:01:29 | INFO     | voltx | Signal Generated: BUY KRW-GRS (DIP: Drop 2.4%, RSI 37.5, BB Touch)
2026-01-12 09:01:29 | INFO     | voltx | Signal blocked by Risk Manager (FLAT vs DIP)
2026-01-12 09:02:29 | INFO     | voltx | KRW-HYPER: Volume Climax Detected! (Rel: 22.6x, Shadow: 0.70)
2026-01-12 09:02:30 | INFO     | voltx | KRW-AKT: Volume Climax Detected! (Rel: 18.7x, Shadow: 0.57)
2026-01-12 09:02:31 | INFO     | voltx | KRW-API3: Volume Climax Detected! (Rel: 12.3x, Shadow: 0.64)
2026-01-12 09:08:28 | INFO     | voltx | KRW-BOUNTY: Volume Climax Detected! (Rel: 52.2x, Shadow: 0.89)
2026-01-12 09:08:32 | INFO     | voltx | Signal Generated: BUY KRW-HYPER (DIP: Drop 3.9%, RSI 50.0, BB Touch)
2026-01-12 09:08:32 | INFO     | voltx | Signal blocked by Risk Manager (FLAT vs DIP)
2026-01-12 09:10:48 | INFO     | voltx | Updating Universe...
2026-01-12 09:10:48 | INFO     | voltx | Scanning for Top Movers...
2026-01-12 09:10:50 | INFO     | voltx | Volume filtered candidates: 25
2026-01-12 09:11:01 | INFO     | voltx | Selected Top 10 Movers:
2026-01-12 09:11:01 | INFO     | voltx | 1. KRW-DEEP (Score: 1.41e+09, Vol: 0.0244)
2026-01-12 09:11:01 | INFO     | voltx | 2. KRW-HYPER (Score: 1.39e+09, Vol: 0.0185)
2026-01-12 09:11:01 | INFO     | voltx | 3. KRW-API3 (Score: 8.98e+08, Vol: 0.0265)
2026-01-12 09:11:01 | INFO     | voltx | 4. KRW-BOUNTY (Score: 7.39e+08, Vol: 0.0205)
2026-01-12 09:11:01 | INFO     | voltx | 5. KRW-AKT (Score: 6.37e+08, Vol: 0.0130)
2026-01-12 09:11:01 | INFO     | voltx | 6. KRW-IP (Score: 5.82e+08, Vol: 0.0142)
2026-01-12 09:11:01 | INFO     | voltx | 7. KRW-POL (Score: 5.04e+08, Vol: 0.0202)
2026-01-12 09:11:01 | INFO     | voltx | 8. KRW-XRP (Score: 4.90e+08, Vol: 0.0035)
2026-01-12 09:11:01 | INFO     | voltx | 9. KRW-GRS (Score: 4.83e+08, Vol: 0.0213)
2026-01-12 09:11:01 | INFO     | voltx | 10. KRW-SAHARA (Score: 4.29e+08, Vol: 0.0121)
2026-01-12 09:11:01 | INFO     | voltx | Hot Symbols: ['KRW-DEEP', 'KRW-HYPER', 'KRW-API3', 'KRW-BOUNTY', 'KRW-AKT', 'KRW-IP', 'KRW-POL', 'KRW-XRP', 'KRW-GRS', 'KRW-SAHARA']
2026-01-12 09:11:02 | INFO     | voltx | KRW-API3: Volume Climax Detected! (Rel: 9.4x, Shadow: 0.65)
2026-01-12 09:11:02 | WARNING  | voltx | KRW-API3 marked EXHAUSTED (Climax + RSI 72.0). Cooldown 60m.
2026-01-12 09:11:03 | INFO     | voltx | KRW-AKT: Volume Climax Detected! (Rel: 11.5x, Shadow: 0.65)
2026-01-12 09:11:03 | INFO     | voltx | KRW-IP: Volume Spike Detected (Rel: 5.8x)
2026-01-12 09:11:08 | INFO     | voltx | Signal Generated: BUY KRW-BOUNTY (DIP: Drop 7.1%, RSI 43.1, BB Touch)
2026-01-12 09:11:08 | INFO     | voltx | Signal blocked by Risk Manager (FLAT vs DIP)
2026-01-12 09:12:18 | INFO     | voltx | Signal Generated: BUY KRW-HYPER (DIP: Drop 5.2%, RSI 42.1, BB Touch)
2026-01-12 09:12:18 | INFO     | voltx | Signal blocked by Risk Manager (FLAT vs DIP)
2026-01-12 09:13:28 | INFO     | voltx | Signal Generated: BUY KRW-HYPER (DIP: Drop 3.4%, RSI 52.2, BB Touch)
2026-01-12 09:13:28 | INFO     | voltx | Signal blocked by Risk Manager (FLAT vs DIP)
2026-01-12 09:14:40 | INFO     | voltx | Signal Generated: BUY KRW-HYPER (DIP: Drop 3.0%, RSI 54.2, BB Touch)
2026-01-12 09:14:40 | INFO     | voltx | Signal blocked by Risk Manager (FLAT vs DIP)
2026-01-12 09:14:42 | INFO     | voltx | Signal Generated: BUY KRW-BOUNTY (DIP: Drop 7.1%, RSI 48.9, BB Touch)
2026-01-12 09:14:42 | INFO     | voltx | Signal blocked by Risk Manager (FLAT vs DIP)
2026-01-12 09:15:53 | INFO     | voltx | Signal Generated: BUY KRW-BOUNTY (DIP: Drop 7.1%, RSI 43.5, BB Touch)
2026-01-12 09:15:53 | INFO     | voltx | Signal blocked by Risk Manager (FLAT vs DIP)
2026-01-12 09:17:02 | INFO     | voltx | Signal Generated: BUY KRW-BOUNTY (DIP: Drop 6.9%, RSI 44.7, BB Touch)
2026-01-12 09:17:02 | INFO     | voltx | Signal blocked by Risk Manager (FLAT vs DIP)
2026-01-12 09:26:27 | INFO     | voltx | Signal Generated: BUY KRW-HYPER (DIP: Drop 4.7%, RSI 41.4, BB Touch)
2026-01-12 09:26:27 | INFO     | voltx | Signal blocked by Risk Manager (FLAT vs DIP)
2026-01-12 09:27:38 | INFO     | voltx | Signal Generated: BUY KRW-HYPER (DIP: Drop 4.3%, RSI 48.1, BB Touch)
2026-01-12 09:27:38 | INFO     | voltx | Signal blocked by Risk Manager (FLAT vs DIP)
2026-01-12 09:28:48 | INFO     | voltx | Signal Generated: BUY KRW-HYPER (DIP: Drop 4.3%, RSI 48.1, BB Touch)
2026-01-12 09:28:48 | INFO     | voltx | Signal blocked by Risk Manager (FLAT vs DIP)
2026-01-12 09:30:00 | INFO     | voltx | Signal Generated: BUY KRW-HYPER (DIP: Drop 4.7%, RSI 46.2, BB Touch)
2026-01-12 09:30:00 | INFO     | voltx | Signal blocked by Risk Manager (FLAT vs DIP)
2026-01-12 09:35:54 | INFO     | voltx | KRW-XRP: Volume Spike Detected (Rel: 3.2x)
2026-01-12 09:55:57 | INFO     | voltx | Updating Regime...
2026-01-12 09:55:57 | INFO     | voltx | Regime: FLAT (24h: 0.11%, 72h: 0.30%, Vol: 0.0028)
2026-01-12 09:55:57 | INFO     | voltx | Current Regime: FLAT
2026-01-12 10:11:25 | INFO     | voltx | KRW-API3: Exhaustion Cooldown Over. Resetting.
2026-01-12 10:56:50 | INFO     | voltx | Updating Regime...
2026-01-12 10:56:50 | INFO     | voltx | Regime: FLAT (24h: 0.71%, 72h: 0.91%, Vol: 0.0032)
2026-01-12 10:56:50 | INFO     | voltx | Current Regime: FLAT
2026-01-12 11:35:00 | INFO     | voltx | Signal Generated: BUY KRW-IP (DIP: Drop 2.3%, RSI 42.8, BB Touch)
2026-01-12 11:35:00 | INFO     | voltx | Signal blocked by Risk Manager (FLAT vs DIP)
2026-01-12 11:38:36 | INFO     | voltx | Signal Generated: BUY KRW-IP (DIP: Drop 2.3%, RSI 47.5, BB Touch)
2026-01-12 11:38:36 | INFO     | voltx | Signal blocked by Risk Manager (FLAT vs DIP)
2026-01-12 11:57:32 | INFO     | voltx | Updating Regime...
2026-01-12 11:57:33 | INFO     | voltx | Regime: FLAT (24h: 1.62%, 72h: 1.82%, Vol: 0.0044)
2026-01-12 11:57:33 | INFO     | voltx | Current Regime: FLAT
2026-01-12 12:07:12 | INFO     | voltx | Signal Generated: BUY KRW-BOUNTY (DIP: Drop 1.6%, RSI 38.5, BB Touch)
2026-01-12 12:07:12 | INFO     | voltx | Signal blocked by Risk Manager (FLAT vs DIP)
2026-01-12 12:46:25 | INFO     | voltx | Signal Generated: BUY KRW-HYPER (DIP: Drop 2.3%, RSI 44.4, BB Touch)
2026-01-12 12:46:25 | INFO     | voltx | Signal blocked by Risk Manager (FLAT vs DIP)
2026-01-12 12:47:38 | INFO     | voltx | Signal Generated: BUY KRW-HYPER (DIP: Drop 2.3%, RSI 44.4, BB Touch)
2026-01-12 12:47:38 | INFO     | voltx | Signal blocked by Risk Manager (FLAT vs DIP)
2026-01-12 12:48:50 | INFO     | voltx | Signal Generated: BUY KRW-HYPER (DIP: Drop 2.3%, RSI 44.4, BB Touch)
2026-01-12 12:48:50 | INFO     | voltx | Signal blocked by Risk Manager (FLAT vs DIP)
2026-01-12 12:50:00 | INFO     | voltx | Signal Generated: BUY KRW-HYPER (DIP: Drop 2.3%, RSI 44.4, BB Touch)
2026-01-12 12:50:00 | INFO     | voltx | Signal blocked by Risk Manager (FLAT vs DIP)
2026-01-12 12:58:15 | INFO     | voltx | Updating Regime...
2026-01-12 12:58:16 | INFO     | voltx | Regime: FLAT (24h: 1.22%, 72h: 1.41%, Vol: 0.0038)
2026-01-12 12:58:16 | INFO     | voltx | Current Regime: FLAT
2026-01-12 13:15:01 | INFO     | voltx | KRW-GRS: Volume Climax Detected! (Rel: 9.4x, Shadow: 0.50)
2026-01-12 13:59:21 | INFO     | voltx | Updating Regime...
2026-01-12 13:59:21 | INFO     | voltx | Regime: FLAT (24h: 1.69%, 72h: 2.13%, Vol: 0.0038)
2026-01-12 13:59:21 | INFO     | voltx | Current Regime: FLAT
2026-01-12 14:04:19 | INFO     | voltx | Signal Generated: BUY KRW-GRS (DIP: Drop 3.3%, RSI 33.3, BB Touch)
2026-01-12 14:04:19 | INFO     | voltx | Signal blocked by Risk Manager (FLAT vs DIP)
2026-01-12 14:05:31 | INFO     | voltx | Signal Generated: BUY KRW-GRS (DIP: Drop 3.3%, RSI 33.3, BB Touch)
2026-01-12 14:05:31 | INFO     | voltx | Signal blocked by Risk Manager (FLAT vs DIP)
2026-01-12 14:09:06 | INFO     | voltx | Signal Generated: BUY KRW-GRS (DIP: Drop 3.3%, RSI 33.3, BB Touch)
2026-01-12 14:09:06 | INFO     | voltx | Signal blocked by Risk Manager (FLAT vs DIP)
2026-01-12 14:10:18 | INFO     | voltx | Signal Generated: BUY KRW-GRS (DIP: Drop 3.8%, RSI 28.6, BB Touch)
2026-01-12 14:10:18 | INFO     | voltx | Signal blocked by Risk Manager (FLAT vs DIP)
2026-01-12 14:11:30 | INFO     | voltx | Signal Generated: BUY KRW-GRS (DIP: Drop 3.8%, RSI 28.6, BB Touch)
2026-01-12 14:11:30 | INFO     | voltx | Signal blocked by Risk Manager (FLAT vs DIP)
2026-01-12 14:13:52 | INFO     | voltx | Signal Generated: BUY KRW-GRS (DIP: Drop 3.3%, RSI 44.4, BB Touch)
2026-01-12 14:13:52 | INFO     | voltx | Signal blocked by Risk Manager (FLAT vs DIP)
2026-01-12 14:15:05 | INFO     | voltx | Signal Generated: BUY KRW-GRS (DIP: Drop 3.3%, RSI 44.4, BB Touch)
2026-01-12 14:15:05 | INFO     | voltx | Signal blocked by Risk Manager (FLAT vs DIP)
2026-01-12 14:40:06 | INFO     | voltx | KRW-POL: Volume Climax Detected! (Rel: 5.5x, Shadow: 0.50)
2026-01-12 14:41:19 | INFO     | voltx | KRW-POL: Volume Climax Detected! (Rel: 7.8x, Shadow: 0.50)
2026-01-12 14:59:25 | INFO     | voltx | Updating Regime...
2026-01-12 14:59:26 | INFO     | voltx | Regime: FLAT (24h: 1.52%, 72h: 1.96%, Vol: 0.0038)
2026-01-12 14:59:26 | INFO     | voltx | Current Regime: FLAT
2026-01-12 15:09:00 | INFO     | voltx | KRW-BOUNTY: Volume Climax Detected! (Rel: 6.5x, Shadow: 0.56)
2026-01-12 15:09:00 | WARNING  | voltx | KRW-BOUNTY marked EXHAUSTED (Climax + RSI 74.4). Cooldown 60m.
2026-01-12 15:38:53 | INFO     | voltx | KRW-GRS: Volume Climax Detected! (Rel: 5.4x, Shadow: 0.50)
2026-01-12 15:38:53 | WARNING  | voltx | KRW-GRS marked EXHAUSTED (Climax + RSI 75.0). Cooldown 60m.
2026-01-12 16:00:08 | INFO     | voltx | Updating Regime...
2026-01-12 16:00:09 | INFO     | voltx | Regime: FLAT (24h: 1.21%, 72h: 1.65%, Vol: 0.0038)
2026-01-12 16:00:09 | INFO     | voltx | Current Regime: FLAT
2026-01-12 16:09:39 | INFO     | voltx | KRW-BOUNTY: Exhaustion Cooldown Over. Resetting.
2026-01-12 16:39:29 | INFO     | voltx | KRW-GRS: Exhaustion Cooldown Over. Resetting.
2026-01-12 16:47:51 | INFO     | voltx | Signal Generated: BUY KRW-IP (DIP: Drop 3.6%, RSI 43.7, BB Touch)
2026-01-12 16:47:51 | INFO     | voltx | Signal blocked by Risk Manager (FLAT vs DIP)
2026-01-12 16:49:01 | INFO     | voltx | Signal Generated: BUY KRW-IP (DIP: Drop 3.4%, RSI 41.6, BB Touch)
2026-01-12 16:49:01 | INFO     | voltx | Signal blocked by Risk Manager (FLAT vs DIP)
2026-01-12 16:51:23 | INFO     | voltx | Signal Generated: BUY KRW-IP (DIP: Drop 3.9%, RSI 31.0, BB Touch)
2026-01-12 16:51:23 | INFO     | voltx | Signal blocked by Risk Manager (FLAT vs DIP)
2026-01-12 16:52:34 | INFO     | voltx | Signal Generated: BUY KRW-IP (DIP: Drop 3.5%, RSI 34.4, BB Touch)
2026-01-12 16:52:34 | INFO     | voltx | Signal blocked by Risk Manager (FLAT vs DIP)
2026-01-12 16:53:41 | INFO     | voltx | KRW-GRS: Volume Climax Detected! (Rel: 5.3x, Shadow: 0.60)
2026-01-12 16:53:41 | WARNING  | voltx | KRW-GRS marked EXHAUSTED (Climax + RSI 94.7). Cooldown 60m.
2026-01-12 16:53:46 | INFO     | voltx | Signal Generated: BUY KRW-IP (DIP: Drop 3.8%, RSI 32.0, BB Touch)
2026-01-12 16:53:46 | INFO     | voltx | Signal blocked by Risk Manager (FLAT vs DIP)
2026-01-12 17:00:44 | INFO     | voltx | Updating Regime...
2026-01-12 17:00:45 | INFO     | voltx | Regime: FLAT (24h: 0.92%, 72h: 1.48%, Vol: 0.0039)
2026-01-12 17:00:45 | INFO     | voltx | Current Regime: FLAT
2026-01-12 17:54:04 | INFO     | voltx | KRW-GRS: Exhaustion Cooldown Over. Resetting.
2026-01-12 18:01:09 | INFO     | voltx | Updating Regime...
2026-01-12 18:01:10 | INFO     | voltx | Regime: FLAT (24h: 0.44%, 72h: 1.00%, Vol: 0.0041)
2026-01-12 18:01:10 | INFO     | voltx | Current Regime: FLAT
2026-01-12 18:04:53 | INFO     | voltx | Signal Generated: BUY KRW-POL (DIP: Drop 2.1%, RSI 36.4, BB Touch)
2026-01-12 18:04:53 | INFO     | voltx | Signal blocked by Risk Manager (FLAT vs DIP)
2026-01-12 18:06:06 | INFO     | voltx | Signal Generated: BUY KRW-POL (DIP: Drop 1.7%, RSI 41.7, BB Touch)
2026-01-12 18:06:06 | INFO     | voltx | Signal blocked by Risk Manager (FLAT vs DIP)
2026-01-12 18:09:40 | INFO     | voltx | Signal Generated: BUY KRW-POL (DIP: Drop 1.7%, RSI 42.9, BB Touch)
2026-01-12 18:09:40 | INFO     | voltx | Signal blocked by Risk Manager (FLAT vs DIP)
2026-01-12 18:10:52 | INFO     | voltx | Signal Generated: BUY KRW-POL (DIP: Drop 1.7%, RSI 42.9, BB Touch)
2026-01-12 18:10:52 | INFO     | voltx | Signal blocked by Risk Manager (FLAT vs DIP)
2026-01-12 18:12:04 | INFO     | voltx | Signal Generated: BUY KRW-POL (DIP: Drop 1.7%, RSI 42.9, BB Touch)
2026-01-12 18:12:04 | INFO     | voltx | Signal blocked by Risk Manager (FLAT vs DIP)
2026-01-12 18:13:16 | INFO     | voltx | Signal Generated: BUY KRW-POL (DIP: Drop 1.7%, RSI 50.0, BB Touch)
2026-01-12 18:13:16 | INFO     | voltx | Signal blocked by Risk Manager (FLAT vs DIP)
2026-01-12 18:14:29 | INFO     | voltx | Signal Generated: BUY KRW-POL (DIP: Drop 1.7%, RSI 50.0, BB Touch)
2026-01-12 18:14:29 | INFO     | voltx | Signal blocked by Risk Manager (FLAT vs DIP)
2026-01-12 18:19:15 | INFO     | voltx | Signal Generated: BUY KRW-POL (DIP: Drop 2.1%, RSI 41.7, BB Touch)
2026-01-12 18:19:15 | INFO     | voltx | Signal blocked by Risk Manager (FLAT vs DIP)
2026-01-12 18:20:27 | INFO     | voltx | Signal Generated: BUY KRW-POL (DIP: Drop 2.1%, RSI 41.7, BB Touch)
2026-01-12 18:20:27 | INFO     | voltx | Signal blocked by Risk Manager (FLAT vs DIP)
2026-01-12 18:21:38 | INFO     | voltx | Signal Generated: BUY KRW-POL (DIP: Drop 2.1%, RSI 30.0, BB Touch)
2026-01-12 18:21:38 | INFO     | voltx | Signal blocked by Risk Manager (FLAT vs DIP)
2026-01-12 18:22:49 | INFO     | voltx | Signal Generated: BUY KRW-POL (DIP: Drop 1.7%, RSI 36.4, BB Touch)
2026-01-12 18:22:49 | INFO     | voltx | Signal blocked by Risk Manager (FLAT vs DIP)
2026-01-12 18:24:02 | INFO     | voltx | Signal Generated: BUY KRW-POL (DIP: Drop 1.7%, RSI 36.4, BB Touch)
2026-01-12 18:24:02 | INFO     | voltx | Signal blocked by Risk Manager (FLAT vs DIP)
2026-01-12 18:25:14 | INFO     | voltx | Signal Generated: BUY KRW-POL (DIP: Drop 1.7%, RSI 36.4, BB Touch)
2026-01-12 18:25:14 | INFO     | voltx | Signal blocked by Risk Manager (FLAT vs DIP)
2026-01-12 18:27:37 | INFO     | voltx | Signal Generated: BUY KRW-POL (DIP: Drop 2.1%, RSI 33.3, BB Touch)
2026-01-12 18:27:37 | INFO     | voltx | Signal blocked by Risk Manager (FLAT vs DIP)
2026-01-12 18:28:48 | INFO     | voltx | Signal Generated: BUY KRW-POL (DIP: Drop 2.1%, RSI 33.3, BB Touch)
2026-01-12 18:28:48 | INFO     | voltx | Signal blocked by Risk Manager (FLAT vs DIP)
2026-01-12 18:30:01 | INFO     | voltx | Signal Generated: BUY KRW-POL (DIP: Drop 2.1%, RSI 33.3, BB Touch)
2026-01-12 18:30:01 | INFO     | voltx | Signal blocked by Risk Manager (FLAT vs DIP)
2026-01-12 19:00:00 | INFO     | voltx | Signal Generated: BUY KRW-BOUNTY (DIP: Drop 2.0%, RSI 48.0, BB Touch)
2026-01-12 19:00:00 | INFO     | voltx | Signal blocked by Risk Manager (FLAT vs DIP)
2026-01-12 19:02:17 | INFO     | voltx | Updating Regime...
2026-01-12 19:02:18 | INFO     | voltx | Regime: FLAT (24h: 0.23%, 72h: 0.78%, Vol: 0.0043)
2026-01-12 19:02:18 | INFO     | voltx | Current Regime: FLAT
2026-01-12 19:06:01 | INFO     | voltx | Signal Generated: BUY KRW-BOUNTY (DIP: Drop 2.0%, RSI 50.0, BB Touch)
2026-01-12 19:06:01 | INFO     | voltx | Signal blocked by Risk Manager (FLAT vs DIP)
2026-01-12 19:08:27 | INFO     | voltx | Signal Generated: BUY KRW-BOUNTY (DIP: Drop 2.0%, RSI 51.7, BB Touch)
2026-01-12 19:08:27 | INFO     | voltx | Signal blocked by Risk Manager (FLAT vs DIP)
2026-01-12 20:02:23 | INFO     | voltx | Updating Regime...
2026-01-12 20:02:23 | INFO     | voltx | Regime: FLAT (24h: 0.06%, 72h: 0.62%, Vol: 0.0044)
2026-01-12 20:02:23 | INFO     | voltx | Current Regime: FLAT
2026-01-12 20:07:12 | INFO     | voltx | KRW-POL: Volume Climax Detected! (Rel: 5.1x, Shadow: 1.00)
2026-01-12 20:08:24 | INFO     | voltx | KRW-POL: Volume Climax Detected! (Rel: 5.4x, Shadow: 0.50)
2026-01-12 20:34:48 | INFO     | voltx | KRW-AKT: Volume Climax Detected! (Rel: 9.1x, Shadow: 1.00)
2026-01-12 20:36:01 | INFO     | voltx | KRW-AKT: Volume Climax Detected! (Rel: 9.4x, Shadow: 1.00)
2026-01-12 21:02:55 | INFO     | voltx | Updating Regime...
2026-01-12 21:02:55 | INFO     | voltx | Regime: FLAT (24h: 0.12%, 72h: -0.02%, Vol: 0.0041)
2026-01-12 21:02:55 | INFO     | voltx | Current Regime: FLAT
2026-01-12 21:35:25 | INFO     | voltx | KRW-SAHARA: Volume Climax Detected! (Rel: 6.4x, Shadow: 1.00)
2026-01-12 21:36:37 | INFO     | voltx | KRW-SAHARA: Volume Climax Detected! (Rel: 6.4x, Shadow: 1.00)
2026-01-12 21:40:12 | INFO     | voltx | Signal Generated: BUY KRW-DEEP (DIP: Drop 1.6%, RSI 48.6, BB Touch)
2026-01-12 21:40:12 | INFO     | voltx | Signal blocked by Risk Manager (FLAT vs DIP)
2026-01-12 21:41:24 | INFO     | voltx | Signal Generated: BUY KRW-DEEP (DIP: Drop 1.5%, RSI 50.0, BB Touch)
2026-01-12 21:41:24 | INFO     | voltx | Signal blocked by Risk Manager (FLAT vs DIP)
2026-01-12 21:48:37 | INFO     | voltx | Signal Generated: BUY KRW-DEEP (DIP: Drop 1.5%, RSI 40.0, BB Touch)
2026-01-12 21:48:37 | INFO     | voltx | Signal blocked by Risk Manager (FLAT vs DIP)
2026-01-12 21:58:10 | INFO     | voltx | Signal Generated: BUY KRW-DEEP (DIP: Drop 1.5%, RSI 36.7, BB Touch)
2026-01-12 21:58:10 | INFO     | voltx | Signal blocked by Risk Manager (FLAT vs DIP)
2026-01-12 21:59:23 | INFO     | voltx | Signal Generated: BUY KRW-DEEP (DIP: Drop 1.6%, RSI 35.5, BB Touch)
2026-01-12 21:59:23 | INFO     | voltx | Signal blocked by Risk Manager (FLAT vs DIP)
2026-01-12 22:00:35 | INFO     | voltx | Signal Generated: BUY KRW-DEEP (DIP: Drop 1.8%, RSI 37.9, BB Touch)
2026-01-12 22:00:35 | INFO     | voltx | Signal blocked by Risk Manager (FLAT vs DIP)
2026-01-12 22:04:05 | INFO     | voltx | Updating Regime...
2026-01-12 22:04:05 | INFO     | voltx | Regime: FLAT (24h: 0.24%, 72h: 0.09%, Vol: 0.0041)
2026-01-12 22:04:05 | INFO     | voltx | Current Regime: FLAT
2026-01-12 22:06:31 | INFO     | voltx | KRW-API3: Volume Climax Detected! (Rel: 8.1x, Shadow: 1.00)
2026-01-12 22:47:17 | INFO     | voltx | KRW-API3: Volume Climax Detected! (Rel: 9.0x, Shadow: 0.50)
2026-01-12 23:05:07 | INFO     | voltx | Updating Regime...
2026-01-12 23:05:07 | INFO     | voltx | Regime: FLAT (24h: 0.05%, 72h: -0.10%, Vol: 0.0041)
2026-01-12 23:05:07 | INFO     | voltx | Current Regime: FLAT
2026-01-13 00:05:55 | INFO     | voltx | Updating Regime...
2026-01-13 00:05:56 | INFO     | voltx | Regime: FLAT (24h: 0.22%, 72h: 0.07%, Vol: 0.0041)
2026-01-13 00:05:56 | INFO     | voltx | Current Regime: FLAT
2026-01-13 01:07:00 | INFO     | voltx | Updating Regime...
2026-01-13 01:07:01 | INFO     | voltx | Regime: FLAT (24h: 0.97%, 72h: 1.22%, Vol: 0.0043)
2026-01-13 01:07:01 | INFO     | voltx | Current Regime: FLAT
2026-01-13 01:19:09 | INFO     | voltx | Signal Generated: BUY KRW-IP (DIP: Drop 3.8%, RSI 37.7, BB Touch)
2026-01-13 01:19:09 | INFO     | voltx | Signal blocked by Risk Manager (FLAT vs DIP)
2026-01-13 01:20:22 | INFO     | voltx | Signal Generated: BUY KRW-IP (DIP: Drop 4.0%, RSI 36.4, BB Touch)
2026-01-13 01:20:22 | INFO     | voltx | Signal blocked by Risk Manager (FLAT vs DIP)
2026-01-13 01:21:32 | INFO     | voltx | Signal Generated: BUY KRW-IP (DIP: Drop 2.8%, RSI 44.1, BB Touch)
2026-01-13 01:21:32 | INFO     | voltx | Signal blocked by Risk Manager (FLAT vs DIP)
2026-01-13 01:21:33 | INFO     | voltx | Signal Generated: BUY KRW-POL (DIP: Drop 1.7%, RSI 45.5, BB Touch)
2026-01-13 01:21:33 | INFO     | voltx | Signal blocked by Risk Manager (FLAT vs DIP)
2026-01-13 01:22:45 | INFO     | voltx | Signal Generated: BUY KRW-POL (DIP: Drop 1.7%, RSI 45.5, BB Touch)
2026-01-13 01:22:45 | INFO     | voltx | Signal blocked by Risk Manager (FLAT vs DIP)
2026-01-13 01:23:57 | INFO     | voltx | Signal Generated: BUY KRW-POL (DIP: Drop 1.7%, RSI 45.5, BB Touch)
2026-01-13 01:23:57 | INFO     | voltx | Signal blocked by Risk Manager (FLAT vs DIP)
2026-01-13 01:25:10 | INFO     | voltx | Signal Generated: BUY KRW-POL (DIP: Drop 1.7%, RSI 45.5, BB Touch)
2026-01-13 01:25:10 | INFO     | voltx | Signal blocked by Risk Manager (FLAT vs DIP)
2026-01-13 01:26:22 | INFO     | voltx | Signal Generated: BUY KRW-POL (DIP: Drop 1.7%, RSI 40.0, BB Touch)
2026-01-13 01:26:22 | INFO     | voltx | Signal blocked by Risk Manager (FLAT vs DIP)
2026-01-13 01:27:34 | INFO     | voltx | Signal Generated: BUY KRW-POL (DIP: Drop 1.7%, RSI 40.0, BB Touch)
2026-01-13 01:27:34 | INFO     | voltx | Signal blocked by Risk Manager (FLAT vs DIP)
2026-01-13 01:28:45 | INFO     | voltx | Signal Generated: BUY KRW-POL (DIP: Drop 1.7%, RSI 40.0, BB Touch)
2026-01-13 01:28:45 | INFO     | voltx | Signal blocked by Risk Manager (FLAT vs DIP)
2026-01-13 01:37:07 | INFO     | voltx | Signal Generated: BUY KRW-POL (DIP: Drop 1.7%, RSI 36.4, BB Touch)
2026-01-13 01:37:07 | INFO     | voltx | Signal blocked by Risk Manager (FLAT vs DIP)
2026-01-13 01:38:18 | INFO     | voltx | Signal Generated: BUY KRW-POL (DIP: Drop 1.7%, RSI 36.4, BB Touch)
2026-01-13 01:38:18 | INFO     | voltx | Signal blocked by Risk Manager (FLAT vs DIP)
2026-01-13 01:39:30 | INFO     | voltx | Signal Generated: BUY KRW-POL (DIP: Drop 1.7%, RSI 36.4, BB Touch)
2026-01-13 01:39:30 | INFO     | voltx | Signal blocked by Risk Manager (FLAT vs DIP)
2026-01-13 02:07:55 | INFO     | voltx | Updating Regime...
2026-01-13 02:07:55 | INFO     | voltx | Regime: FLAT (24h: 1.48%, 72h: 1.73%, Vol: 0.0043)
2026-01-13 02:07:55 | INFO     | voltx | Current Regime: FLAT
2026-01-13 02:12:47 | INFO     | voltx | Signal Generated: BUY KRW-DEEP (DIP: Drop 1.7%, RSI 42.9, BB Touch)
2026-01-13 02:12:47 | INFO     | voltx | Signal blocked by Risk Manager (FLAT vs DIP)
2026-01-13 03:08:57 | INFO     | voltx | Updating Regime...
2026-01-13 03:08:58 | INFO     | voltx | Regime: FLAT (24h: 0.97%, 72h: 1.22%, Vol: 0.0043)
2026-01-13 03:08:58 | INFO     | voltx | Current Regime: FLAT
2026-01-13 04:08:58 | INFO     | voltx | Updating Regime...
2026-01-13 04:08:58 | INFO     | voltx | Regime: FLAT (24h: 1.11%, 72h: 1.36%, Vol: 0.0042)
2026-01-13 04:08:58 | INFO     | voltx | Current Regime: FLAT
2026-01-13 05:10:07 | INFO     | voltx | Updating Regime...
2026-01-13 05:10:08 | INFO     | voltx | Regime: FLAT (24h: 1.18%, 72h: 1.37%, Vol: 0.0038)
2026-01-13 05:10:08 | INFO     | voltx | Current Regime: FLAT
2026-01-13 05:36:41 | INFO     | voltx | Signal Generated: BUY KRW-POL (DIP: Drop 1.7%, RSI 20.0, BB Touch)
2026-01-13 05:36:41 | INFO     | voltx | Signal blocked by Risk Manager (FLAT vs DIP)
2026-01-13 05:40:16 | INFO     | voltx | Signal Generated: BUY KRW-IP (DIP: Drop 2.0%, RSI 36.0, BB Touch)
2026-01-13 05:40:16 | INFO     | voltx | Signal blocked by Risk Manager (FLAT vs DIP)
2026-01-13 05:41:28 | INFO     | voltx | Signal Generated: BUY KRW-IP (DIP: Drop 1.6%, RSI 40.3, BB Touch)
2026-01-13 05:41:28 | INFO     | voltx | Signal blocked by Risk Manager (FLAT vs DIP)
2026-01-13 06:11:20 | INFO     | voltx | Updating Regime...
2026-01-13 06:11:20 | INFO     | voltx | Regime: FLAT (24h: 0.79%, 72h: 0.98%, Vol: 0.0039)
2026-01-13 06:11:20 | INFO     | voltx | Current Regime: FLAT
