2026-01-13 17:20:54 | INFO     | voltx | Starting VOLT-X in [DRY-RUN] mode | Run ID: 2026-01-13_flat_test_v1
2026-01-13 17:20:54 | INFO     | voltx | Updating Universe...
2026-01-13 17:20:54 | INFO     | voltx | Scanning for Top Movers...
2026-01-13 17:20:54 | INFO     | voltx | Volume filtered candidates: 25
2026-01-13 17:20:58 | INFO     | voltx | Selected Top 10 Movers:
2026-01-13 17:20:58 | INFO     | voltx | 1. KRW-IP (Score: 5.40e+09, Vol: 0.0254)
2026-01-13 17:20:58 | INFO     | voltx | 2. KRW-SAFE (Score: 1.68e+09, Vol: 0.0631)
2026-01-13 17:20:58 | INFO     | voltx | 3. KRW-GRS (Score: 1.67e+09, Vol: 0.0231)
2026-01-13 17:20:58 | INFO     | voltx | 4. KRW-MTL (Score: 1.34e+09, Vol: 0.0372)
2026-01-13 17:20:58 | INFO     | voltx | 5. KRW-KAITO (Score: 1.23e+09, Vol: 0.0211)
2026-01-13 17:20:58 | INFO     | voltx | 6. KRW-BOUNTY (Score: 8.89e+08, Vol: 0.0262)
2026-01-13 17:20:58 | INFO     | voltx | 7. KRW-XRP (Score: 8.28e+08, Vol: 0.0042)
2026-01-13 17:20:58 | INFO     | voltx | 8. KRW-ZKP (Score: 6.89e+08, Vol: 0.0224)
2026-01-13 17:20:58 | INFO     | voltx | 9. KRW-BTC (Score: 4.20e+08, Vol: 0.0030)
2026-01-13 17:20:58 | INFO     | voltx | 10. KRW-ETH (Score: 4.11e+08, Vol: 0.0037)
2026-01-13 17:20:58 | INFO     | voltx | Hot Symbols: ['KRW-IP', 'KRW-SAFE', 'KRW-GRS', 'KRW-MTL', 'KRW-KAITO', 'KRW-BOUNTY', 'KRW-XRP', 'KRW-ZKP', 'KRW-BTC', 'KRW-ETH']
2026-01-13 17:20:58 | INFO     | voltx | Updating Regime...
2026-01-13 17:20:58 | INFO     | voltx | Regime: FLAT (24h: 1.28%, 72h: 1.45%, Vol: 0.0038)
2026-01-13 17:20:58 | INFO     | voltx | Current Regime: FLAT
2026-01-13 17:20:59 | INFO     | voltx | KRW-MTL: Volume Spike Detected (Rel: 3.7x)
2026-01-13 17:20:59 | INFO     | voltx | KRW-BOUNTY: Volume Spike Detected (Rel: 3.3x)
2026-01-13 17:44:35 | INFO     | voltx | KRW-ETH: Volume Spike Detected (Rel: 3.2x)
2026-01-13 18:03:52 | INFO     | voltx | KRW-BTC: Volume Spike Detected (Rel: 6.7x)
2026-01-13 18:20:59 | INFO     | voltx | Updating Regime...
2026-01-13 18:21:00 | INFO     | voltx | Regime: FLAT (24h: 1.68%, 72h: 1.86%, Vol: 0.0039)
2026-01-13 18:21:00 | INFO     | voltx | Current Regime: FLAT
2026-01-13 18:22:05 | INFO     | voltx | KRW-XRP: Volume Spike Detected (Rel: 3.3x)
2026-01-13 18:56:22 | INFO     | voltx | KRW-SAFE: Volume Spike Detected (Rel: 3.0x)
2026-01-13 19:21:00 | INFO     | voltx | Updating Regime...
2026-01-13 19:21:00 | INFO     | voltx | Regime: FLAT (24h: 1.41%, 72h: 1.59%, Vol: 0.0038)
2026-01-13 19:21:00 | INFO     | voltx | Current Regime: FLAT
2026-01-13 19:31:43 | INFO     | voltx | KRW-ZKP: Volume Spike Detected (Rel: 3.7x)
2026-01-13 19:37:06 | INFO     | voltx | Signal Generated: BUY KRW-SAFE (DIP: Drop 4.3%, RSI 31.8, BB Touch)
2026-01-13 19:37:06 | INFO     | voltx | [PAPER BUY] KRW-SAFE Qty:1119.4030 Price:268.0 Cost:300000 | DIP: Drop 4.3%, RSI 31.8, BB Touch
2026-01-13 19:49:56 | INFO     | voltx | KRW-GRS: Volume Spike Detected (Rel: 3.2x)
2026-01-13 20:02:49 | INFO     | voltx | KRW-KAITO: Volume Spike Detected (Rel: 4.3x)
2026-01-13 20:17:50 | INFO     | voltx | KRW-GRS: Volume Climax Detected! (Rel: 12.9x, Shadow: 0.00)
2026-01-13 20:21:02 | INFO     | voltx | Updating Regime...
2026-01-13 20:21:02 | INFO     | voltx | Regime: FLAT (24h: 1.40%, 72h: 1.57%, Vol: 0.0038)
2026-01-13 20:21:02 | INFO     | voltx | Current Regime: FLAT
2026-01-13 20:21:03 | INFO     | voltx | KRW-GRS: Volume Climax Detected! (Rel: 6.3x, Shadow: 0.50)
2026-01-13 20:35:31 | INFO     | voltx | Starting VOLT-X in [DRY-RUN] mode | Run ID: 2026-01-13_scalp_test_v1
2026-01-13 20:35:31 | INFO     | voltx | Updating Universe...
2026-01-13 20:35:31 | INFO     | voltx | Scanning for Top Movers...
2026-01-13 20:35:31 | INFO     | voltx | Volume filtered candidates: 25
2026-01-13 20:35:35 | INFO     | voltx | Selected Top 10 Movers:
2026-01-13 20:35:35 | INFO     | voltx | 1. KRW-IP (Score: 5.40e+09, Vol: 0.0259)
2026-01-13 20:35:35 | INFO     | voltx | 2. KRW-SAFE (Score: 2.42e+09, Vol: 0.0647)
2026-01-13 20:35:35 | INFO     | voltx | 3. KRW-MTL (Score: 1.40e+09, Vol: 0.0367)
2026-01-13 20:35:35 | INFO     | voltx | 4. KRW-ZKP (Score: 1.14e+09, Vol: 0.0227)
2026-01-13 20:35:35 | INFO     | voltx | 5. KRW-KAITO (Score: 1.02e+09, Vol: 0.0206)
2026-01-13 20:35:35 | INFO     | voltx | 6. KRW-BOUNTY (Score: 8.78e+08, Vol: 0.0263)
2026-01-13 20:35:35 | INFO     | voltx | 7. KRW-BREV (Score: 7.47e+08, Vol: 0.0211)
2026-01-13 20:35:35 | INFO     | voltx | 8. KRW-GRS (Score: 6.72e+08, Vol: 0.0192)
2026-01-13 20:35:35 | INFO     | voltx | 9. KRW-XRP (Score: 6.69e+08, Vol: 0.0040)
2026-01-13 20:35:35 | INFO     | voltx | 10. KRW-SOL (Score: 4.17e+08, Vol: 0.0052)
2026-01-13 20:35:35 | INFO     | voltx | Hot Symbols: ['KRW-IP', 'KRW-SAFE', 'KRW-MTL', 'KRW-ZKP', 'KRW-KAITO', 'KRW-BOUNTY', 'KRW-BREV', 'KRW-GRS', 'KRW-XRP', 'KRW-SOL']
2026-01-13 20:35:35 | INFO     | voltx | Updating Regime...
2026-01-13 20:35:35 | INFO     | voltx | Regime: FLAT (24h: 1.30%, 72h: 1.47%, Vol: 0.0038)
2026-01-13 20:35:35 | INFO     | voltx | Current Regime: FLAT
2026-01-13 21:03:30 | INFO     | voltx | Signal Generated: BUY KRW-ZKP (DIP: Drop 3.8%, RSI 33.3, BB Touch)
2026-01-13 21:03:30 | INFO     | voltx | [PAPER BUY] KRW-ZKP Qty:1310.0437 Price:229.0 Cost:300000 | DIP: Drop 3.8%, RSI 33.3, BB Touch
2026-01-13 21:04:32 | INFO     | voltx | KRW-GRS: Volume Spike Detected (Rel: 3.1x)
2026-01-13 21:04:34 | INFO     | voltx | Signal Generated: BUY KRW-ZKP (DIP: Drop 4.2%, RSI 30.0, BB Touch)
2026-01-13 21:04:35 | INFO     | voltx | Signal Generated: BUY KRW-GRS (SCALP: Spike + Pump 0.97%, RSI 77.8)
2026-01-13 21:04:35 | INFO     | voltx | [PAPER BUY] KRW-GRS Qty:1399.0385 Price:208.0 Cost:291000 | SCALP: Spike + Pump 0.97%, RSI 77.8
2026-01-13 21:05:39 | INFO     | voltx | Signal Generated: BUY KRW-ZKP (DIP: Drop 4.2%, RSI 30.0, BB Touch)
2026-01-13 21:05:40 | INFO     | voltx | Signal Generated: BUY KRW-GRS (SCALP: Spike + Pump 1.46%, RSI 78.9)
2026-01-13 21:06:43 | INFO     | voltx | Signal Generated: BUY KRW-ZKP (DIP: Drop 3.8%, RSI 38.9, BB Touch)
2026-01-13 21:09:57 | INFO     | voltx | Signal Generated: BUY KRW-GRS (SCALP: Spike + Pump 0.97%, RSI 73.7)
2026-01-13 21:14:11 | INFO     | voltx | KRW-SAFE: Volume Spike Detected (Rel: 3.2x)
2026-01-13 21:16:24 | INFO     | voltx | Hard SL Triggered for KRW-GRS (PnL: -1.92%)
2026-01-13 21:16:24 | INFO     | voltx | [PAPER SELL] KRW-GRS Price:204.0 NetPnL:-6024 (-2.07%) | Hard SL
2026-01-13 21:20:37 | INFO     | voltx | KRW-KAITO: Volume Spike Detected (Rel: 5.1x)
2026-01-13 21:30:20 | INFO     | voltx | Hard SL Triggered for KRW-ZKP (PnL: -1.75%)
2026-01-13 21:30:20 | INFO     | voltx | [PAPER SELL] KRW-ZKP Price:225.0 NetPnL:-5682 (-1.89%) | Hard SL
2026-01-13 21:35:38 | INFO     | voltx | Updating Regime...
2026-01-13 21:35:38 | INFO     | voltx | Regime: FLAT (24h: 0.65%, 72h: 1.57%, Vol: 0.0038)
2026-01-13 21:35:38 | INFO     | voltx | Current Regime: FLAT
2026-01-13 21:40:59 | INFO     | voltx | KRW-IP: Volume Spike Detected (Rel: 4.6x)
2026-01-13 21:49:37 | INFO     | voltx | Signal Generated: BUY KRW-KAITO (SCALP: Spike + Pump 0.53%, RSI 76.0)
2026-01-13 21:49:37 | INFO     | voltx | [PAPER BUY] KRW-KAITO Qty:255.0203 Price:940.0 Cost:239719 | SCALP: Spike + Pump 0.53%, RSI 76.0
2026-01-13 21:50:39 | INFO     | voltx | KRW-KAITO: Volume Climax Detected! (Rel: 6.9x, Shadow: 0.50)
2026-01-13 21:50:39 | WARNING  | voltx | KRW-KAITO marked EXHAUSTED (Climax + RSI 73.9). Cooldown 60m.
2026-01-13 21:53:52 | INFO     | voltx | KRW-MTL: Volume Spike Detected (Rel: 3.1x)
2026-01-13 21:53:56 | INFO     | voltx | Signal Generated: BUY KRW-GRS (DIP: Drop 2.9%, RSI 33.3, BB Touch)
2026-01-13 21:53:56 | INFO     | voltx | [PAPER BUY] KRW-GRS Qty:1146.8911 Price:204.0 Cost:233966 | DIP: Drop 2.9%, RSI 33.3, BB Touch
2026-01-13 21:53:56 | INFO     | voltx | Hard SL Triggered for KRW-KAITO (PnL: -1.70%)
2026-01-13 21:53:56 | INFO     | voltx | [PAPER SELL] KRW-KAITO Price:924.0 NetPnL:-4434 (-1.85%) | Hard SL
2026-01-13 21:53:56 | ERROR    | voltx | 🚨 Daily Loss Limit Hit (-5.81%). Trading HALTED.
2026-01-13 21:58:09 | INFO     | voltx | Signal Generated: BUY KRW-IP (SCALP: Spike + Pump 0.71%, RSI 61.6)
2026-01-13 21:58:09 | INFO     | voltx | Signal blocked: Trading HALTED (Daily Limit/Consec Loss)
2026-01-13 22:01:23 | INFO     | voltx | Signal Generated: BUY KRW-GRS (SCALP: Spike + Pump 0.99%, RSI 50.0)
2026-01-13 22:01:23 | INFO     | voltx | Signal blocked: Trading HALTED (Daily Limit/Consec Loss)
2026-01-13 22:03:30 | INFO     | voltx | Signal Generated: BUY KRW-IP (SCALP: Spike + Pump 0.55%, RSI 64.3)
2026-01-13 22:03:30 | INFO     | voltx | Signal blocked: Trading HALTED (Daily Limit/Consec Loss)
2026-01-13 22:10:57 | INFO     | voltx | Signal Generated: BUY KRW-IP (SCALP: Spike + Pump 0.54%, RSI 65.8)
2026-01-13 22:10:57 | INFO     | voltx | Signal blocked: Trading HALTED (Daily Limit/Consec Loss)
2026-01-13 22:17:23 | INFO     | voltx | Signal Generated: BUY KRW-IP (SCALP: Spike + Pump 0.61%, RSI 64.0)
2026-01-13 22:17:23 | INFO     | voltx | Signal blocked: Trading HALTED (Daily Limit/Consec Loss)
2026-01-13 22:18:27 | INFO     | voltx | Signal Generated: BUY KRW-IP (SCALP: Spike + Pump 0.56%, RSI 66.5)
2026-01-13 22:18:27 | INFO     | voltx | Signal blocked: Trading HALTED (Daily Limit/Consec Loss)
2026-01-13 22:23:47 | INFO     | voltx | Signal Generated: BUY KRW-IP (SCALP: Spike + Pump 0.60%, RSI 57.9)
2026-01-13 22:23:47 | INFO     | voltx | Signal blocked: Trading HALTED (Daily Limit/Consec Loss)
2026-01-13 22:23:49 | INFO     | voltx | Signal Generated: BUY KRW-GRS (SCALP: Spike + Pump 1.00%, RSI 44.4)
2026-01-13 22:23:49 | INFO     | voltx | Signal blocked: Trading HALTED (Daily Limit/Consec Loss)
2026-01-13 22:24:51 | INFO     | voltx | Signal Generated: BUY KRW-IP (SCALP: Spike + Pump 0.79%, RSI 64.2)
2026-01-13 22:24:51 | INFO     | voltx | Signal blocked: Trading HALTED (Daily Limit/Consec Loss)
2026-01-13 22:25:54 | INFO     | voltx | Signal Generated: BUY KRW-IP (SCALP: Spike + Pump 0.57%, RSI 63.3)
2026-01-13 22:25:54 | INFO     | voltx | Signal blocked: Trading HALTED (Daily Limit/Consec Loss)
2026-01-13 22:26:58 | INFO     | voltx | Signal Generated: BUY KRW-IP (SCALP: Spike + Pump 0.74%, RSI 64.1)
2026-01-13 22:26:58 | INFO     | voltx | Signal blocked: Trading HALTED (Daily Limit/Consec Loss)
2026-01-13 22:30:11 | INFO     | voltx | KRW-XRP: Volume Spike Detected (Rel: 7.1x)
2026-01-13 22:30:11 | INFO     | voltx | KRW-SOL: Volume Spike Detected (Rel: 5.2x)
2026-01-13 22:31:14 | INFO     | voltx | KRW-XRP: Volume Climax Detected! (Rel: 21.0x, Shadow: 0.58)
2026-01-13 22:31:14 | WARNING  | voltx | KRW-XRP marked EXHAUSTED (Climax + RSI 74.1). Cooldown 60m.
2026-01-13 22:31:14 | INFO     | voltx | KRW-SOL: Volume Climax Detected! (Rel: 9.6x, Shadow: 0.56)
2026-01-13 22:31:15 | INFO     | voltx | Signal Generated: BUY KRW-IP (SCALP: Spike + Pump 0.51%, RSI 61.2)
2026-01-13 22:31:15 | INFO     | voltx | Signal blocked: Trading HALTED (Daily Limit/Consec Loss)
2026-01-13 22:31:17 | INFO     | voltx | Hard SL Triggered for KRW-GRS (PnL: -2.45%)
2026-01-13 22:31:17 | INFO     | voltx | [PAPER SELL] KRW-GRS Price:199.0 NetPnL:-6077 (-2.60%) | Hard SL
2026-01-13 22:31:17 | ERROR    | voltx | 🚨 Daily Loss Limit Hit (-8.41%). Trading HALTED.
2026-01-13 22:31:17 | ERROR    | voltx | 🚨 Consecutive Loss Limit (4). Trading HALTED.
2026-01-13 22:32:19 | INFO     | voltx | KRW-SOL: Volume Climax Detected! (Rel: 14.9x, Shadow: 0.50)
2026-01-13 22:32:19 | INFO     | voltx | Signal Generated: BUY KRW-IP (SCALP: Spike + Pump 1.28%, RSI 64.5)
2026-01-13 22:32:19 | INFO     | voltx | Signal blocked: Trading HALTED (Daily Limit/Consec Loss)
2026-01-13 22:34:26 | INFO     | voltx | Signal Generated: BUY KRW-IP (SCALP: Spike + Pump 0.61%, RSI 77.2)
2026-01-13 22:34:26 | INFO     | voltx | Signal blocked: Trading HALTED (Daily Limit/Consec Loss)
2026-01-13 22:35:30 | INFO     | voltx | Signal Generated: BUY KRW-IP (SCALP: Spike + Pump 1.53%, RSI 79.4)
2026-01-13 22:35:30 | INFO     | voltx | Signal blocked: Trading HALTED (Daily Limit/Consec Loss)
2026-01-13 22:36:33 | INFO     | voltx | Updating Regime...
2026-01-13 22:36:33 | INFO     | voltx | Regime: FLAT (24h: 0.96%, 72h: 1.88%, Vol: 0.0039)
2026-01-13 22:36:33 | INFO     | voltx | Current Regime: FLAT
2026-01-13 22:40:49 | INFO     | voltx | KRW-SOL: Volume Climax Detected! (Rel: 6.9x, Shadow: 0.56)
2026-01-13 22:40:49 | INFO     | voltx | Signal Generated: BUY KRW-IP (SCALP: Spike + Pump 0.90%, RSI 76.8)
2026-01-13 22:40:49 | INFO     | voltx | Signal blocked: Trading HALTED (Daily Limit/Consec Loss)
2026-01-13 22:41:53 | INFO     | voltx | KRW-SOL: Volume Climax Detected! (Rel: 15.1x, Shadow: 0.50)
2026-01-13 22:41:53 | INFO     | voltx | Signal Generated: BUY KRW-IP (SCALP: Spike + Pump 0.66%, RSI 76.4)
2026-01-13 22:41:53 | INFO     | voltx | Signal blocked: Trading HALTED (Daily Limit/Consec Loss)
2026-01-13 22:44:00 | INFO     | voltx | Signal Generated: BUY KRW-IP (SCALP: Spike + Pump 0.63%, RSI 78.2)
2026-01-13 22:44:00 | INFO     | voltx | Signal blocked: Trading HALTED (Daily Limit/Consec Loss)
2026-01-13 22:46:08 | INFO     | voltx | Signal Generated: BUY KRW-IP (SCALP: Spike + Pump 0.55%, RSI 77.5)
2026-01-13 22:46:08 | INFO     | voltx | Signal blocked: Trading HALTED (Daily Limit/Consec Loss)
2026-01-13 22:50:24 | INFO     | voltx | Signal Generated: BUY KRW-IP (SCALP: Spike + Pump 0.51%, RSI 76.8)
2026-01-13 22:50:24 | INFO     | voltx | Signal blocked: Trading HALTED (Daily Limit/Consec Loss)
2026-01-13 22:51:27 | INFO     | voltx | KRW-KAITO: Exhaustion Cooldown Over. Resetting.
2026-01-13 23:08:31 | INFO     | voltx | Signal Generated: BUY KRW-MTL (SCALP: Spike + Pump 0.50%, RSI 52.6)
2026-01-13 23:08:31 | INFO     | voltx | Signal blocked: Trading HALTED (Daily Limit/Consec Loss)
2026-01-13 23:16:00 | INFO     | voltx | Signal Generated: BUY KRW-IP (SCALP: Spike + Pump 1.47%, RSI 45.8)
2026-01-13 23:16:00 | INFO     | voltx | Signal blocked: Trading HALTED (Daily Limit/Consec Loss)
2026-01-13 23:17:03 | INFO     | voltx | Signal Generated: BUY KRW-IP (SCALP: Spike + Pump 1.35%, RSI 45.1)
2026-01-13 23:17:03 | INFO     | voltx | Signal blocked: Trading HALTED (Daily Limit/Consec Loss)
2026-01-13 23:18:09 | INFO     | voltx | Signal Generated: BUY KRW-KAITO (SCALP: Spike + Pump 0.63%, RSI 59.7)
2026-01-13 23:18:09 | INFO     | voltx | Signal blocked: Trading HALTED (Daily Limit/Consec Loss)
2026-01-13 23:20:18 | INFO     | voltx | Signal Generated: BUY KRW-GRS (SCALP: Spike + Pump 0.50%, RSI 50.0)
2026-01-13 23:20:18 | INFO     | voltx | Signal blocked: Trading HALTED (Daily Limit/Consec Loss)
2026-01-13 23:22:24 | INFO     | voltx | Signal Generated: BUY KRW-IP (SCALP: Spike + Pump 0.77%, RSI 61.0)
2026-01-13 23:22:24 | INFO     | voltx | Signal blocked: Trading HALTED (Daily Limit/Consec Loss)
2026-01-13 23:22:26 | INFO     | voltx | Signal Generated: BUY KRW-GRS (SCALP: Spike + Pump 0.50%, RSI 50.0)
2026-01-13 23:22:26 | INFO     | voltx | Signal blocked: Trading HALTED (Daily Limit/Consec Loss)
2026-01-13 23:23:29 | INFO     | voltx | Signal Generated: BUY KRW-IP (SCALP: Spike + Pump 1.29%, RSI 63.9)
2026-01-13 23:23:29 | INFO     | voltx | Signal blocked: Trading HALTED (Daily Limit/Consec Loss)
2026-01-13 23:23:30 | INFO     | voltx | Signal Generated: BUY KRW-KAITO (SCALP: Spike + Pump 0.94%, RSI 63.1)
2026-01-13 23:23:30 | INFO     | voltx | Signal blocked: Trading HALTED (Daily Limit/Consec Loss)
2026-01-13 23:25:38 | INFO     | voltx | Signal Generated: BUY KRW-KAITO (SCALP: Spike + Pump 0.62%, RSI 57.1)
2026-01-13 23:25:38 | INFO     | voltx | Signal blocked: Trading HALTED (Daily Limit/Consec Loss)
2026-01-13 23:25:39 | INFO     | voltx | Signal Generated: BUY KRW-GRS (SCALP: Spike + Pump 0.50%, RSI 50.0)
2026-01-13 23:25:39 | INFO     | voltx | Signal blocked: Trading HALTED (Daily Limit/Consec Loss)
2026-01-13 23:26:41 | INFO     | voltx | Signal Generated: BUY KRW-IP (SCALP: Spike + Pump 1.10%, RSI 67.9)
2026-01-13 23:26:41 | INFO     | voltx | Signal blocked: Trading HALTED (Daily Limit/Consec Loss)
2026-01-13 23:26:43 | INFO     | voltx | Signal Generated: BUY KRW-KAITO (SCALP: Spike + Pump 0.73%, RSI 57.9)
2026-01-13 23:26:43 | INFO     | voltx | Signal blocked: Trading HALTED (Daily Limit/Consec Loss)
2026-01-13 23:26:44 | INFO     | voltx | Signal Generated: BUY KRW-GRS (SCALP: Spike + Pump 0.50%, RSI 50.0)
2026-01-13 23:26:44 | INFO     | voltx | Signal blocked: Trading HALTED (Daily Limit/Consec Loss)
2026-01-13 23:28:49 | INFO     | voltx | Signal Generated: BUY KRW-IP (SCALP: Spike + Pump 0.89%, RSI 73.2)
2026-01-13 23:28:49 | INFO     | voltx | Signal blocked: Trading HALTED (Daily Limit/Consec Loss)
2026-01-13 23:28:50 | INFO     | voltx | Signal Generated: BUY KRW-KAITO (SCALP: Spike + Pump 0.72%, RSI 63.1)
2026-01-13 23:28:50 | INFO     | voltx | Signal blocked: Trading HALTED (Daily Limit/Consec Loss)
2026-01-13 23:29:54 | INFO     | voltx | Signal Generated: BUY KRW-IP (SCALP: Spike + Pump 1.67%, RSI 75.5)
2026-01-13 23:29:54 | INFO     | voltx | Signal blocked: Trading HALTED (Daily Limit/Consec Loss)
2026-01-13 23:32:01 | INFO     | voltx | KRW-XRP: Exhaustion Cooldown Over. Resetting.
2026-01-13 23:35:17 | INFO     | voltx | Signal Generated: BUY KRW-GRS (SCALP: Spike + Pump 0.50%, RSI 57.1)
2026-01-13 23:35:17 | INFO     | voltx | Signal blocked: Trading HALTED (Daily Limit/Consec Loss)
2026-01-13 23:36:20 | INFO     | voltx | Signal Generated: BUY KRW-IP (SCALP: Spike + Pump 0.78%, RSI 65.8)
2026-01-13 23:36:20 | INFO     | voltx | Signal blocked: Trading HALTED (Daily Limit/Consec Loss)
2026-01-13 23:37:21 | INFO     | voltx | Updating Regime...
2026-01-13 23:37:22 | INFO     | voltx | Regime: FLAT (24h: 1.20%, 72h: 2.13%, Vol: 0.0041)
2026-01-13 23:37:22 | INFO     | voltx | Current Regime: FLAT
2026-01-13 23:37:23 | INFO     | voltx | Signal Generated: BUY KRW-IP (SCALP: Spike + Pump 2.15%, RSI 69.8)
2026-01-13 23:37:23 | INFO     | voltx | Signal blocked: Trading HALTED (Daily Limit/Consec Loss)
2026-01-13 23:37:25 | INFO     | voltx | Signal Generated: BUY KRW-KAITO (SCALP: Spike + Pump 0.52%, RSI 54.3)
2026-01-13 23:37:25 | INFO     | voltx | Signal blocked: Trading HALTED (Daily Limit/Consec Loss)
2026-01-13 23:37:26 | INFO     | voltx | Signal Generated: BUY KRW-GRS (SCALP: Spike + Pump 0.50%, RSI 50.0)
2026-01-13 23:37:26 | INFO     | voltx | Signal blocked: Trading HALTED (Daily Limit/Consec Loss)
2026-01-13 23:38:28 | INFO     | voltx | Signal Generated: BUY KRW-IP (SCALP: Spike + Pump 1.86%, RSI 69.0)
2026-01-13 23:38:28 | INFO     | voltx | Signal blocked: Trading HALTED (Daily Limit/Consec Loss)
2026-01-13 23:38:30 | INFO     | voltx | Signal Generated: BUY KRW-GRS (SCALP: Spike + Pump 0.50%, RSI 50.0)
2026-01-13 23:38:30 | INFO     | voltx | Signal blocked: Trading HALTED (Daily Limit/Consec Loss)
2026-01-13 23:40:36 | INFO     | voltx | Signal Generated: BUY KRW-IP (SCALP: Spike + Pump 0.67%, RSI 79.8)
2026-01-13 23:40:36 | INFO     | voltx | Signal blocked: Trading HALTED (Daily Limit/Consec Loss)
2026-01-13 23:41:41 | INFO     | voltx | Signal Generated: BUY KRW-IP (SCALP: Spike + Pump 0.67%, RSI 79.8)
2026-01-13 23:41:41 | INFO     | voltx | Signal blocked: Trading HALTED (Daily Limit/Consec Loss)
2026-01-13 23:41:43 | INFO     | voltx | Signal Generated: BUY KRW-GRS (SCALP: Spike + Pump 0.50%, RSI 40.0)
2026-01-13 23:41:43 | INFO     | voltx | Signal blocked: Trading HALTED (Daily Limit/Consec Loss)
2026-01-13 23:43:52 | INFO     | voltx | Signal Generated: BUY KRW-GRS (SCALP: Spike + Pump 0.50%, RSI 40.0)
2026-01-13 23:43:52 | INFO     | voltx | Signal blocked: Trading HALTED (Daily Limit/Consec Loss)
2026-01-13 23:44:56 | INFO     | voltx | Signal Generated: BUY KRW-GRS (SCALP: Spike + Pump 1.00%, RSI 50.0)
2026-01-13 23:44:56 | INFO     | voltx | Signal blocked: Trading HALTED (Daily Limit/Consec Loss)
2026-01-13 23:46:00 | INFO     | voltx | Signal Generated: BUY KRW-KAITO (SCALP: Spike + Pump 0.52%, RSI 57.6)
2026-01-13 23:46:00 | INFO     | voltx | Signal blocked: Trading HALTED (Daily Limit/Consec Loss)
2026-01-13 23:47:04 | INFO     | voltx | Signal Generated: BUY KRW-KAITO (SCALP: Spike + Pump 0.83%, RSI 59.4)
2026-01-13 23:47:04 | INFO     | voltx | Signal blocked: Trading HALTED (Daily Limit/Consec Loss)
2026-01-13 23:58:52 | INFO     | voltx | Signal Generated: BUY KRW-GRS (SCALP: Spike + Pump 0.50%, RSI 60.0)
2026-01-13 23:58:52 | INFO     | voltx | Signal blocked: Trading HALTED (Daily Limit/Consec Loss)
2026-01-13 23:59:57 | INFO     | voltx | Signal Generated: BUY KRW-GRS (SCALP: Spike + Pump 0.50%, RSI 60.0)
2026-01-13 23:59:57 | INFO     | voltx | Signal blocked: Trading HALTED (Daily Limit/Consec Loss)
2026-01-14 00:01:00 | INFO     | voltx | Signal Generated: BUY KRW-GRS (SCALP: Spike + Pump 0.50%, RSI 60.0)
2026-01-14 00:01:00 | INFO     | voltx | Signal blocked: Trading HALTED (Daily Limit/Consec Loss)
2026-01-14 00:02:04 | INFO     | voltx | Signal Generated: BUY KRW-KAITO (SCALP: Spike + Pump 1.04%, RSI 59.2)
2026-01-14 00:02:04 | INFO     | voltx | Signal blocked: Trading HALTED (Daily Limit/Consec Loss)
2026-01-14 00:02:05 | INFO     | voltx | Signal Generated: BUY KRW-GRS (SCALP: Spike + Pump 0.50%, RSI 60.0)
2026-01-14 00:02:05 | INFO     | voltx | Signal blocked: Trading HALTED (Daily Limit/Consec Loss)
2026-01-14 00:03:09 | INFO     | voltx | Signal Generated: BUY KRW-GRS (SCALP: Spike + Pump 0.50%, RSI 60.0)
2026-01-14 00:03:09 | INFO     | voltx | Signal blocked: Trading HALTED (Daily Limit/Consec Loss)
2026-01-14 00:04:14 | INFO     | voltx | Signal Generated: BUY KRW-GRS (SCALP: Spike + Pump 0.50%, RSI 60.0)
2026-01-14 00:04:14 | INFO     | voltx | Signal blocked: Trading HALTED (Daily Limit/Consec Loss)
2026-01-14 00:05:18 | INFO     | voltx | Signal Generated: BUY KRW-GRS (SCALP: Spike + Pump 0.50%, RSI 60.0)
2026-01-14 00:05:18 | INFO     | voltx | Signal blocked: Trading HALTED (Daily Limit/Consec Loss)
2026-01-14 00:06:22 | INFO     | voltx | Signal Generated: BUY KRW-GRS (SCALP: Spike + Pump 0.50%, RSI 60.0)
2026-01-14 00:06:22 | INFO     | voltx | Signal blocked: Trading HALTED (Daily Limit/Consec Loss)
2026-01-14 00:07:26 | INFO     | voltx | Signal Generated: BUY KRW-GRS (SCALP: Spike + Pump 1.00%, RSI 66.7)
2026-01-14 00:07:26 | INFO     | voltx | Signal blocked: Trading HALTED (Daily Limit/Consec Loss)
2026-01-14 00:08:31 | INFO     | voltx | Signal Generated: BUY KRW-GRS (SCALP: Spike + Pump 0.50%, RSI 60.0)
2026-01-14 00:08:31 | INFO     | voltx | Signal blocked: Trading HALTED (Daily Limit/Consec Loss)
2026-01-14 00:10:37 | INFO     | voltx | Signal Generated: BUY KRW-IP (SCALP: Spike + Pump 0.84%, RSI 76.2)
2026-01-14 00:10:37 | INFO     | voltx | Signal blocked: Trading HALTED (Daily Limit/Consec Loss)
2026-01-14 00:10:39 | INFO     | voltx | Signal Generated: BUY KRW-GRS (SCALP: Spike + Pump 0.50%, RSI 60.0)
2026-01-14 00:10:39 | INFO     | voltx | Signal blocked: Trading HALTED (Daily Limit/Consec Loss)
2026-01-14 00:11:44 | INFO     | voltx | Signal Generated: BUY KRW-GRS (SCALP: Spike + Pump 0.50%, RSI 60.0)
2026-01-14 00:11:44 | INFO     | voltx | Signal blocked: Trading HALTED (Daily Limit/Consec Loss)
