2026-01-14 06:51:54 | INFO     | voltx | Starting VOLT-X in [DRY-RUN] mode | Run ID: 2026-01-14_vbs_test_v1
2026-01-14 06:51:54 | INFO     | voltx | Updating Universe...
2026-01-14 06:51:54 | INFO     | voltx | Scanning for Top Movers...
2026-01-14 06:51:54 | INFO     | voltx | Volume filtered candidates: 30
2026-01-14 06:51:59 | INFO     | voltx | Selected Top 10 Movers:
2026-01-14 06:51:59 | INFO     | voltx | 1. KRW-IP (Score: 1.43e+10, Vol: 0.0360)
2026-01-14 06:51:59 | INFO     | voltx | 2. KRW-SAFE (Score: 2.98e+09, Vol: 0.0652)
2026-01-14 06:51:59 | INFO     | voltx | 3. KRW-ZKP (Score: 1.62e+09, Vol: 0.0253)
2026-01-14 06:51:59 | INFO     | voltx | 4. KRW-MTL (Score: 1.50e+09, Vol: 0.0371)
2026-01-14 06:51:59 | INFO     | voltx | 5. KRW-XRP (Score: 1.04e+09, Vol: 0.0043)
2026-01-14 06:51:59 | INFO     | voltx | 6. KRW-BREV (Score: 9.15e+08, Vol: 0.0219)
2026-01-14 06:51:59 | INFO     | voltx | 7. KRW-BOUNTY (Score: 8.78e+08, Vol: 0.0258)
2026-01-14 06:51:59 | INFO     | voltx | 8. KRW-AXS (Score: 7.86e+08, Vol: 0.0205)
2026-01-14 06:51:59 | INFO     | voltx | 9. KRW-BTC (Score: 5.62e+08, Vol: 0.0029)
2026-01-14 06:51:59 | INFO     | voltx | 10. KRW-KAITO (Score: 5.46e+08, Vol: 0.0155)
2026-01-14 06:51:59 | INFO     | voltx | Hot Symbols: ['KRW-IP', 'KRW-SAFE', 'KRW-ZKP', 'KRW-MTL', 'KRW-XRP', 'KRW-BREV', 'KRW-BOUNTY', 'KRW-AXS', 'KRW-BTC', 'KRW-KAITO']
2026-01-14 06:51:59 | INFO     | voltx | Updating Regime...
2026-01-14 06:51:59 | INFO     | voltx | Regime: FLAT (24h: 2.74%, 72h: 3.59%, Vol: 0.0048)
2026-01-14 06:51:59 | INFO     | voltx | Current Regime: FLAT
2026-01-14 07:02:42 | INFO     | voltx | KRW-IP: Volume Spike Detected (Rel: 3.0x)
2026-01-14 07:04:51 | INFO     | voltx | KRW-SAFE: Volume Spike Detected (Rel: 3.4x)
2026-01-14 07:09:12 | INFO     | voltx | KRW-MTL: Volume Spike Detected (Rel: 3.7x)
2026-01-14 07:09:13 | INFO     | voltx | Signal Generated: BUY KRW-SAFE (VBS: Price 256.0 > Target 256 (Range 4))
2026-01-14 07:09:13 | INFO     | voltx | [PAPER BUY] KRW-SAFE Qty:1171.8750 Price:256.0 Cost:300000 | VBS: Price 256.0 > Target 256 (Range 4)
2026-01-14 07:09:14 | INFO     | voltx | Signal Generated: BUY KRW-MTL (VBS: Price 602.0 > Target 602 (Range 5))
2026-01-14 07:09:14 | INFO     | voltx | [PAPER BUY] KRW-MTL Qty:483.3887 Price:602.0 Cost:291000 | VBS: Price 602.0 > Target 602 (Range 5)
2026-01-14 07:10:16 | INFO     | voltx | KRW-XRP: Volume Spike Detected (Rel: 3.8x)
2026-01-14 07:10:17 | INFO     | voltx | KRW-AXS: Volume Spike Detected (Rel: 4.9x)
2026-01-14 07:10:17 | INFO     | voltx | KRW-BTC: Volume Spike Detected (Rel: 4.3x)
2026-01-14 07:10:18 | INFO     | voltx | Signal Generated: BUY KRW-SAFE (VBS: Price 256.0 > Target 256 (Range 4))
2026-01-14 07:10:19 | INFO     | voltx | Signal Generated: BUY KRW-MTL (VBS: Price 604.0 > Target 602 (Range 5))
2026-01-14 07:10:19 | INFO     | voltx | Signal Generated: BUY KRW-XRP (VBS: Price 3152.0 > Target 3131 (Range 30))
2026-01-14 07:10:19 | INFO     | voltx | [PAPER BUY] KRW-XRP Qty:89.5527 Price:3152.0 Cost:282270 | VBS: Price 3152.0 > Target 3131 (Range 30)
2026-01-14 07:10:20 | INFO     | voltx | Signal Generated: BUY KRW-AXS (VBS: Price 1529.0 > Target 1522 (Range 10))
2026-01-14 07:10:20 | INFO     | voltx | [PAPER BUY] KRW-AXS Qty:179.0725 Price:1529.0 Cost:273802 | VBS: Price 1529.0 > Target 1522 (Range 10)
2026-01-14 07:10:21 | INFO     | voltx | Signal Generated: BUY KRW-BTC (VBS: Price 138999000.0 > Target 138527000 (Range 600000))
2026-01-14 07:10:21 | INFO     | voltx | [PAPER BUY] KRW-BTC Qty:0.0019 Price:138999000.0 Cost:265588 | VBS: Price 138999000.0 > Target 138527000 (Range 600000)
2026-01-14 07:11:23 | INFO     | voltx | KRW-KAITO: Volume Spike Detected (Rel: 3.9x)
2026-01-14 07:11:24 | INFO     | voltx | Signal Generated: BUY KRW-SAFE (VBS: Price 257.0 > Target 256 (Range 4))
2026-01-14 07:11:25 | INFO     | voltx | Signal Generated: BUY KRW-XRP (VBS: Price 3167.0 > Target 3131 (Range 30))
2026-01-14 07:11:26 | INFO     | voltx | Signal Generated: BUY KRW-AXS (VBS: Price 1535.0 > Target 1522 (Range 10))
2026-01-14 07:12:29 | INFO     | voltx | Signal Generated: BUY KRW-SAFE (VBS: Price 256.0 > Target 256 (Range 4))
2026-01-14 07:12:30 | INFO     | voltx | Signal Generated: BUY KRW-XRP (VBS: Price 3157.0 > Target 3131 (Range 30))
2026-01-14 07:12:31 | INFO     | voltx | Signal Generated: BUY KRW-AXS (VBS: Price 1526.0 > Target 1522 (Range 10))
2026-01-14 07:13:34 | INFO     | voltx | Signal Generated: BUY KRW-SAFE (VBS: Price 256.0 > Target 256 (Range 4))
2026-01-14 07:13:35 | INFO     | voltx | Signal Generated: BUY KRW-XRP (VBS: Price 3145.0 > Target 3131 (Range 30))
2026-01-14 07:13:37 | INFO     | voltx | Signal Generated: BUY KRW-AXS (VBS: Price 1523.0 > Target 1522 (Range 10))
2026-01-14 07:13:37 | INFO     | voltx | Signal Generated: BUY KRW-BTC (VBS: Price 139364000.0 > Target 138527000 (Range 600000))
2026-01-14 07:14:42 | INFO     | voltx | Signal Generated: BUY KRW-XRP (VBS: Price 3165.0 > Target 3131 (Range 30))
2026-01-14 07:14:43 | INFO     | voltx | Signal Generated: BUY KRW-AXS (VBS: Price 1530.0 > Target 1522 (Range 10))
2026-01-14 07:15:46 | INFO     | voltx | Signal Generated: BUY KRW-SAFE (VBS: Price 256.0 > Target 256 (Range 4))
2026-01-14 07:15:47 | INFO     | voltx | Signal Generated: BUY KRW-XRP (VBS: Price 3164.0 > Target 3131 (Range 30))
2026-01-14 07:15:48 | INFO     | voltx | Signal Generated: BUY KRW-BTC (VBS: Price 139419000.0 > Target 138527000 (Range 600000))
2026-01-14 07:16:51 | INFO     | voltx | Signal Generated: BUY KRW-SAFE (VBS: Price 256.0 > Target 256 (Range 4))
2026-01-14 07:16:52 | INFO     | voltx | Signal Generated: BUY KRW-MTL (VBS: Price 603.0 > Target 602 (Range 5))
2026-01-14 07:16:52 | INFO     | voltx | Signal Generated: BUY KRW-XRP (VBS: Price 3157.0 > Target 3131 (Range 30))
2026-01-14 07:16:54 | INFO     | voltx | Signal Generated: BUY KRW-BTC (VBS: Price 139100000.0 > Target 138527000 (Range 600000))
2026-01-14 07:17:57 | INFO     | voltx | Signal Generated: BUY KRW-SAFE (VBS: Price 256.0 > Target 256 (Range 4))
2026-01-14 07:17:58 | INFO     | voltx | Signal Generated: BUY KRW-MTL (VBS: Price 604.0 > Target 602 (Range 5))
2026-01-14 07:18:00 | INFO     | voltx | Signal Generated: BUY KRW-BTC (VBS: Price 139425000.0 > Target 138527000 (Range 600000))
2026-01-14 07:19:03 | INFO     | voltx | Signal Generated: BUY KRW-SAFE (VBS: Price 257.0 > Target 256 (Range 4))
2026-01-14 07:19:04 | INFO     | voltx | Signal Generated: BUY KRW-MTL (VBS: Price 605.0 > Target 602 (Range 5))
2026-01-14 07:19:06 | INFO     | voltx | Signal Generated: BUY KRW-BTC (VBS: Price 139425000.0 > Target 138527000 (Range 600000))
2026-01-14 07:20:09 | INFO     | voltx | Signal Generated: BUY KRW-SAFE (VBS: Price 257.0 > Target 256 (Range 4))
2026-01-14 07:20:10 | INFO     | voltx | Signal Generated: BUY KRW-MTL (VBS: Price 603.0 > Target 602 (Range 5))
2026-01-14 07:20:11 | INFO     | voltx | Signal Generated: BUY KRW-AXS (VBS: Price 1531.0 > Target 1522 (Range 10))
2026-01-14 07:20:12 | INFO     | voltx | Signal Generated: BUY KRW-BTC (VBS: Price 139476000.0 > Target 138527000 (Range 600000))
2026-01-14 07:21:15 | INFO     | voltx | Signal Generated: BUY KRW-IP (VBS: Price 5740.0 > Target 5720 (Range 190))
2026-01-14 07:21:15 | INFO     | voltx | [PAPER BUY] KRW-IP Qty:44.8816 Price:5740.0 Cost:257620 | VBS: Price 5740.0 > Target 5720 (Range 190)
2026-01-14 07:21:15 | INFO     | voltx | Signal Generated: BUY KRW-SAFE (VBS: Price 256.0 > Target 256 (Range 4))
2026-01-14 07:21:15 | INFO     | voltx | Signal Generated: BUY KRW-MTL (VBS: Price 603.0 > Target 602 (Range 5))
2026-01-14 07:21:16 | INFO     | voltx | Signal Generated: BUY KRW-AXS (VBS: Price 1532.0 > Target 1522 (Range 10))
2026-01-14 07:22:20 | INFO     | voltx | Signal Generated: BUY KRW-SAFE (VBS: Price 256.0 > Target 256 (Range 4))
2026-01-14 07:22:21 | INFO     | voltx | Signal Generated: BUY KRW-MTL (VBS: Price 602.0 > Target 602 (Range 5))
2026-01-14 07:23:26 | INFO     | voltx | Signal Generated: BUY KRW-SAFE (VBS: Price 257.0 > Target 256 (Range 4))
2026-01-14 07:23:26 | INFO     | voltx | Signal Generated: BUY KRW-MTL (VBS: Price 602.0 > Target 602 (Range 5))
2026-01-14 07:24:32 | INFO     | voltx | Signal Generated: BUY KRW-SAFE (VBS: Price 257.0 > Target 256 (Range 4))
2026-01-14 07:24:32 | INFO     | voltx | Signal Generated: BUY KRW-MTL (VBS: Price 602.0 > Target 602 (Range 5))
2026-01-14 07:25:36 | INFO     | voltx | Signal Generated: BUY KRW-IP (VBS: Price 5805.0 > Target 5720 (Range 190))
2026-01-14 07:25:37 | INFO     | voltx | Signal Generated: BUY KRW-SAFE (VBS: Price 257.0 > Target 256 (Range 4))
2026-01-14 07:25:37 | INFO     | voltx | Signal Generated: BUY KRW-MTL (VBS: Price 603.0 > Target 602 (Range 5))
2026-01-14 07:25:39 | INFO     | voltx | Signal Generated: BUY KRW-AXS (VBS: Price 1536.0 > Target 1522 (Range 10))
2026-01-14 07:26:42 | INFO     | voltx | Signal Generated: BUY KRW-IP (VBS: Price 5800.0 > Target 5720 (Range 190))
2026-01-14 07:26:43 | INFO     | voltx | Signal Generated: BUY KRW-SAFE (VBS: Price 257.0 > Target 256 (Range 4))
2026-01-14 07:26:43 | INFO     | voltx | Signal Generated: BUY KRW-MTL (VBS: Price 604.0 > Target 602 (Range 5))
2026-01-14 07:27:48 | INFO     | voltx | Signal Generated: BUY KRW-IP (VBS: Price 5795.0 > Target 5720 (Range 190))
2026-01-14 07:27:48 | INFO     | voltx | Signal Generated: BUY KRW-SAFE (VBS: Price 257.0 > Target 256 (Range 4))
2026-01-14 07:27:49 | INFO     | voltx | Signal Generated: BUY KRW-MTL (VBS: Price 604.0 > Target 602 (Range 5))
2026-01-14 07:28:53 | INFO     | voltx | Signal Generated: BUY KRW-IP (VBS: Price 5775.0 > Target 5720 (Range 190))
2026-01-14 07:28:53 | INFO     | voltx | Signal Generated: BUY KRW-SAFE (VBS: Price 257.0 > Target 256 (Range 4))
2026-01-14 07:28:54 | INFO     | voltx | Signal Generated: BUY KRW-MTL (VBS: Price 604.0 > Target 602 (Range 5))
2026-01-14 07:29:57 | INFO     | voltx | KRW-ZKP: Volume Spike Detected (Rel: 4.5x)
2026-01-14 07:29:59 | INFO     | voltx | Signal Generated: BUY KRW-IP (VBS: Price 5805.0 > Target 5720 (Range 190))
2026-01-14 07:29:59 | INFO     | voltx | Signal Generated: BUY KRW-SAFE (VBS: Price 257.0 > Target 256 (Range 4))
2026-01-14 07:30:00 | INFO     | voltx | Signal Generated: BUY KRW-MTL (VBS: Price 602.0 > Target 602 (Range 5))
2026-01-14 07:30:01 | INFO     | voltx | Signal Generated: BUY KRW-XRP (VBS: Price 3161.0 > Target 3131 (Range 30))
2026-01-14 07:30:02 | INFO     | voltx | Signal Generated: BUY KRW-BTC (VBS: Price 139493000.0 > Target 138527000 (Range 600000))
2026-01-14 07:31:05 | INFO     | voltx | Signal Generated: BUY KRW-IP (VBS: Price 5750.0 > Target 5720 (Range 190))
2026-01-14 07:31:05 | INFO     | voltx | Signal Generated: BUY KRW-SAFE (VBS: Price 257.0 > Target 256 (Range 4))
2026-01-14 07:31:06 | INFO     | voltx | Signal Generated: BUY KRW-MTL (VBS: Price 602.0 > Target 602 (Range 5))
2026-01-14 07:31:07 | INFO     | voltx | Signal Generated: BUY KRW-XRP (VBS: Price 3166.0 > Target 3131 (Range 30))
2026-01-14 07:31:08 | INFO     | voltx | Signal Generated: BUY KRW-BTC (VBS: Price 139569000.0 > Target 138527000 (Range 600000))
2026-01-14 07:32:11 | INFO     | voltx | Signal Generated: BUY KRW-IP (VBS: Price 5770.0 > Target 5720 (Range 190))
2026-01-14 07:32:11 | INFO     | voltx | Signal Generated: BUY KRW-SAFE (VBS: Price 258.0 > Target 256 (Range 4))
2026-01-14 07:32:12 | INFO     | voltx | Signal Generated: BUY KRW-MTL (VBS: Price 602.0 > Target 602 (Range 5))
2026-01-14 07:32:12 | INFO     | voltx | Signal Generated: BUY KRW-XRP (VBS: Price 3163.0 > Target 3131 (Range 30))
2026-01-14 07:33:16 | INFO     | voltx | Signal Generated: BUY KRW-IP (VBS: Price 5770.0 > Target 5720 (Range 190))
2026-01-14 07:33:16 | INFO     | voltx | Signal Generated: BUY KRW-SAFE (VBS: Price 257.0 > Target 256 (Range 4))
2026-01-14 07:33:17 | INFO     | voltx | Signal Generated: BUY KRW-ZKP (VBS: Price 213.0 > Target 213 (Range 4))
2026-01-14 07:33:17 | INFO     | voltx | [PAPER BUY] KRW-ZKP Qty:1173.2000 Price:213.0 Cost:249892 | VBS: Price 213.0 > Target 213 (Range 4)
2026-01-14 07:33:17 | INFO     | voltx | Signal Generated: BUY KRW-MTL (VBS: Price 603.0 > Target 602 (Range 5))
2026-01-14 07:33:18 | INFO     | voltx | Signal Generated: BUY KRW-AXS (VBS: Price 1540.0 > Target 1522 (Range 10))
2026-01-14 07:34:21 | INFO     | voltx | Signal Generated: BUY KRW-IP (VBS: Price 5750.0 > Target 5720 (Range 190))
2026-01-14 07:34:21 | INFO     | voltx | Signal Generated: BUY KRW-SAFE (VBS: Price 258.0 > Target 256 (Range 4))
2026-01-14 07:34:22 | INFO     | voltx | Signal Generated: BUY KRW-MTL (VBS: Price 603.0 > Target 602 (Range 5))
2026-01-14 07:34:23 | INFO     | voltx | Signal Generated: BUY KRW-AXS (VBS: Price 1533.0 > Target 1522 (Range 10))
2026-01-14 07:35:26 | INFO     | voltx | Signal Generated: BUY KRW-IP (VBS: Price 5745.0 > Target 5720 (Range 190))
2026-01-14 07:35:27 | INFO     | voltx | Signal Generated: BUY KRW-SAFE (VBS: Price 258.0 > Target 256 (Range 4))
2026-01-14 07:35:28 | INFO     | voltx | Signal Generated: BUY KRW-MTL (VBS: Price 604.0 > Target 602 (Range 5))
2026-01-14 07:35:28 | INFO     | voltx | Signal Generated: BUY KRW-XRP (VBS: Price 3154.0 > Target 3131 (Range 30))
2026-01-14 07:35:29 | INFO     | voltx | Signal Generated: BUY KRW-AXS (VBS: Price 1536.0 > Target 1522 (Range 10))
2026-01-14 07:35:30 | INFO     | voltx | Signal Generated: BUY KRW-BTC (VBS: Price 139698000.0 > Target 138527000 (Range 600000))
2026-01-14 07:36:32 | INFO     | voltx | Signal Generated: BUY KRW-IP (VBS: Price 5740.0 > Target 5720 (Range 190))
2026-01-14 07:36:32 | INFO     | voltx | Signal Generated: BUY KRW-SAFE (VBS: Price 258.0 > Target 256 (Range 4))
2026-01-14 07:36:33 | INFO     | voltx | Signal Generated: BUY KRW-MTL (VBS: Price 604.0 > Target 602 (Range 5))
2026-01-14 07:36:33 | INFO     | voltx | Signal Generated: BUY KRW-XRP (VBS: Price 3153.0 > Target 3131 (Range 30))
2026-01-14 07:36:34 | INFO     | voltx | Signal Generated: BUY KRW-AXS (VBS: Price 1533.0 > Target 1522 (Range 10))
2026-01-14 07:36:34 | INFO     | voltx | Signal Generated: BUY KRW-BTC (VBS: Price 139414000.0 > Target 138527000 (Range 600000))
2026-01-14 07:37:37 | INFO     | voltx | Signal Generated: BUY KRW-IP (VBS: Price 5750.0 > Target 5720 (Range 190))
2026-01-14 07:37:37 | INFO     | voltx | Signal Generated: BUY KRW-SAFE (VBS: Price 258.0 > Target 256 (Range 4))
2026-01-14 07:37:38 | INFO     | voltx | Signal Generated: BUY KRW-MTL (VBS: Price 604.0 > Target 602 (Range 5))
2026-01-14 07:37:39 | INFO     | voltx | Signal Generated: BUY KRW-XRP (VBS: Price 3162.0 > Target 3131 (Range 30))
2026-01-14 07:37:40 | INFO     | voltx | Signal Generated: BUY KRW-AXS (VBS: Price 1535.0 > Target 1522 (Range 10))
2026-01-14 07:37:40 | INFO     | voltx | Signal Generated: BUY KRW-BTC (VBS: Price 139501000.0 > Target 138527000 (Range 600000))
2026-01-14 07:38:42 | INFO     | voltx | KRW-BOUNTY: Volume Spike Detected (Rel: 3.1x)
2026-01-14 07:38:43 | INFO     | voltx | Signal Generated: BUY KRW-SAFE (VBS: Price 258.0 > Target 256 (Range 4))
2026-01-14 07:38:44 | INFO     | voltx | Signal Generated: BUY KRW-MTL (VBS: Price 606.0 > Target 602 (Range 5))
2026-01-14 07:38:45 | INFO     | voltx | Signal Generated: BUY KRW-XRP (VBS: Price 3166.0 > Target 3131 (Range 30))
2026-01-14 07:38:46 | INFO     | voltx | Signal Generated: BUY KRW-BOUNTY (VBS: Price 50.9 > Target 50 (Range 0))
2026-01-14 07:38:46 | INFO     | voltx | [PAPER BUY] KRW-BOUNTY Qty:4762.1779 Price:50.9 Cost:242395 | VBS: Price 50.9 > Target 50 (Range 0)
2026-01-14 07:38:46 | INFO     | voltx | Signal Generated: BUY KRW-AXS (VBS: Price 1535.0 > Target 1522 (Range 10))
2026-01-14 07:38:46 | INFO     | voltx | Signal Generated: BUY KRW-BTC (VBS: Price 139638000.0 > Target 138527000 (Range 600000))
2026-01-14 07:39:49 | INFO     | voltx | Signal Generated: BUY KRW-IP (VBS: Price 5720.0 > Target 5720 (Range 190))
2026-01-14 07:39:49 | INFO     | voltx | Signal Generated: BUY KRW-SAFE (VBS: Price 259.0 > Target 256 (Range 4))
2026-01-14 07:39:50 | INFO     | voltx | Signal Generated: BUY KRW-MTL (VBS: Price 606.0 > Target 602 (Range 5))
2026-01-14 07:39:51 | INFO     | voltx | Signal Generated: BUY KRW-BOUNTY (VBS: Price 50.7 > Target 50 (Range 0))
2026-01-14 07:39:51 | INFO     | voltx | Signal Generated: BUY KRW-AXS (VBS: Price 1533.0 > Target 1522 (Range 10))
2026-01-14 07:39:52 | INFO     | voltx | Signal Generated: BUY KRW-BTC (VBS: Price 139837000.0 > Target 138527000 (Range 600000))
2026-01-14 07:40:55 | INFO     | voltx | Signal Generated: BUY KRW-SAFE (VBS: Price 258.0 > Target 256 (Range 4))
2026-01-14 07:40:55 | INFO     | voltx | Signal Generated: BUY KRW-ZKP (VBS: Price 214.0 > Target 213 (Range 4))
2026-01-14 07:40:56 | INFO     | voltx | Signal Generated: BUY KRW-MTL (VBS: Price 606.0 > Target 602 (Range 5))
2026-01-14 07:40:57 | INFO     | voltx | Signal Generated: BUY KRW-BOUNTY (VBS: Price 50.7 > Target 50 (Range 0))
2026-01-14 07:40:57 | INFO     | voltx | Signal Generated: BUY KRW-AXS (VBS: Price 1531.0 > Target 1522 (Range 10))
2026-01-14 07:40:58 | INFO     | voltx | Signal Generated: BUY KRW-BTC (VBS: Price 139861000.0 > Target 138527000 (Range 600000))
2026-01-14 07:42:01 | INFO     | voltx | Signal Generated: BUY KRW-SAFE (VBS: Price 259.0 > Target 256 (Range 4))
2026-01-14 07:42:01 | INFO     | voltx | Signal Generated: BUY KRW-ZKP (VBS: Price 214.0 > Target 213 (Range 4))
2026-01-14 07:42:02 | INFO     | voltx | Signal Generated: BUY KRW-MTL (VBS: Price 606.0 > Target 602 (Range 5))
2026-01-14 07:42:03 | INFO     | voltx | Signal Generated: BUY KRW-BOUNTY (VBS: Price 50.7 > Target 50 (Range 0))
2026-01-14 07:42:04 | INFO     | voltx | Signal Generated: BUY KRW-AXS (VBS: Price 1537.0 > Target 1522 (Range 10))
2026-01-14 07:43:07 | INFO     | voltx | Signal Generated: BUY KRW-ZKP (VBS: Price 215.0 > Target 213 (Range 4))
2026-01-14 07:43:08 | INFO     | voltx | Signal Generated: BUY KRW-MTL (VBS: Price 605.0 > Target 602 (Range 5))
2026-01-14 07:43:09 | INFO     | voltx | Signal Generated: BUY KRW-BOUNTY (VBS: Price 51.0 > Target 50 (Range 0))
2026-01-14 07:43:09 | INFO     | voltx | Signal Generated: BUY KRW-AXS (VBS: Price 1535.0 > Target 1522 (Range 10))
2026-01-14 07:44:13 | INFO     | voltx | Signal Generated: BUY KRW-SAFE (VBS: Price 258.0 > Target 256 (Range 4))
2026-01-14 07:44:13 | INFO     | voltx | Signal Generated: BUY KRW-ZKP (VBS: Price 215.0 > Target 213 (Range 4))
2026-01-14 07:44:14 | INFO     | voltx | Signal Generated: BUY KRW-MTL (VBS: Price 605.0 > Target 602 (Range 5))
2026-01-14 07:44:15 | INFO     | voltx | Signal Generated: BUY KRW-BOUNTY (VBS: Price 50.9 > Target 50 (Range 0))
2026-01-14 07:44:15 | INFO     | voltx | Signal Generated: BUY KRW-AXS (VBS: Price 1534.0 > Target 1522 (Range 10))
2026-01-14 07:45:18 | INFO     | voltx | Signal Generated: BUY KRW-SAFE (VBS: Price 258.0 > Target 256 (Range 4))
2026-01-14 07:45:19 | INFO     | voltx | Signal Generated: BUY KRW-ZKP (VBS: Price 214.0 > Target 213 (Range 4))
2026-01-14 07:45:19 | INFO     | voltx | Signal Generated: BUY KRW-MTL (VBS: Price 604.0 > Target 602 (Range 5))
2026-01-14 07:45:20 | INFO     | voltx | Signal Generated: BUY KRW-BOUNTY (VBS: Price 51.1 > Target 50 (Range 0))
2026-01-14 07:45:20 | INFO     | voltx | Signal Generated: BUY KRW-AXS (VBS: Price 1536.0 > Target 1522 (Range 10))
2026-01-14 07:46:24 | INFO     | voltx | Signal Generated: BUY KRW-SAFE (VBS: Price 257.0 > Target 256 (Range 4))
2026-01-14 07:46:24 | INFO     | voltx | Signal Generated: BUY KRW-ZKP (VBS: Price 215.0 > Target 213 (Range 4))
2026-01-14 07:46:24 | INFO     | voltx | Signal Generated: BUY KRW-MTL (VBS: Price 605.0 > Target 602 (Range 5))
2026-01-14 07:46:26 | INFO     | voltx | Signal Generated: BUY KRW-BOUNTY (VBS: Price 51.1 > Target 50 (Range 0))
2026-01-14 07:47:30 | INFO     | voltx | Signal Generated: BUY KRW-SAFE (VBS: Price 257.0 > Target 256 (Range 4))
2026-01-14 07:47:30 | INFO     | voltx | Signal Generated: BUY KRW-ZKP (VBS: Price 215.0 > Target 213 (Range 4))
2026-01-14 07:47:30 | INFO     | voltx | Signal Generated: BUY KRW-MTL (VBS: Price 606.0 > Target 602 (Range 5))
2026-01-14 07:47:32 | INFO     | voltx | Signal Generated: BUY KRW-BOUNTY (VBS: Price 51.2 > Target 50 (Range 0))
2026-01-14 07:48:35 | INFO     | voltx | Signal Generated: BUY KRW-SAFE (VBS: Price 257.0 > Target 256 (Range 4))
2026-01-14 07:48:36 | INFO     | voltx | Signal Generated: BUY KRW-ZKP (VBS: Price 214.0 > Target 213 (Range 4))
2026-01-14 07:48:36 | INFO     | voltx | Signal Generated: BUY KRW-MTL (VBS: Price 605.0 > Target 602 (Range 5))
2026-01-14 07:48:37 | INFO     | voltx | Signal Generated: BUY KRW-BOUNTY (VBS: Price 51.0 > Target 50 (Range 0))
2026-01-14 07:48:37 | INFO     | voltx | Signal Generated: BUY KRW-AXS (VBS: Price 1539.0 > Target 1522 (Range 10))
2026-01-14 07:49:40 | INFO     | voltx | Signal Generated: BUY KRW-SAFE (VBS: Price 256.0 > Target 256 (Range 4))
2026-01-14 07:49:40 | INFO     | voltx | Signal Generated: BUY KRW-ZKP (VBS: Price 214.0 > Target 213 (Range 4))
2026-01-14 07:49:41 | INFO     | voltx | Signal Generated: BUY KRW-MTL (VBS: Price 606.0 > Target 602 (Range 5))
2026-01-14 07:49:42 | INFO     | voltx | Signal Generated: BUY KRW-BOUNTY (VBS: Price 51.1 > Target 50 (Range 0))
2026-01-14 07:49:42 | INFO     | voltx | Signal Generated: BUY KRW-AXS (VBS: Price 1540.0 > Target 1522 (Range 10))
2026-01-14 07:50:46 | INFO     | voltx | Signal Generated: BUY KRW-SAFE (VBS: Price 257.0 > Target 256 (Range 4))
2026-01-14 07:50:46 | INFO     | voltx | Signal Generated: BUY KRW-ZKP (VBS: Price 215.0 > Target 213 (Range 4))
2026-01-14 07:50:47 | INFO     | voltx | Signal Generated: BUY KRW-MTL (VBS: Price 606.0 > Target 602 (Range 5))
2026-01-14 07:50:48 | INFO     | voltx | Signal Generated: BUY KRW-BOUNTY (VBS: Price 51.1 > Target 50 (Range 0))
2026-01-14 07:50:48 | INFO     | voltx | Signal Generated: BUY KRW-AXS (VBS: Price 1538.0 > Target 1522 (Range 10))
2026-01-14 07:51:52 | INFO     | voltx | Signal Generated: BUY KRW-SAFE (VBS: Price 256.0 > Target 256 (Range 4))
2026-01-14 07:51:52 | INFO     | voltx | Signal Generated: BUY KRW-ZKP (VBS: Price 215.0 > Target 213 (Range 4))
2026-01-14 07:51:52 | INFO     | voltx | Signal Generated: BUY KRW-MTL (VBS: Price 604.0 > Target 602 (Range 5))
2026-01-14 07:51:53 | INFO     | voltx | Signal Generated: BUY KRW-XRP (VBS: Price 3180.0 > Target 3131 (Range 30))
2026-01-14 07:51:53 | INFO     | voltx | Signal Generated: BUY KRW-AXS (VBS: Price 1538.0 > Target 1522 (Range 10))
2026-01-14 07:51:54 | INFO     | voltx | Signal Generated: BUY KRW-BTC (VBS: Price 140012000.0 > Target 138527000 (Range 600000))
2026-01-14 07:52:54 | INFO     | voltx | Updating Regime...
2026-01-14 07:52:54 | INFO     | voltx | Regime: BULL (24h: 4.14%, 72h: 5.00%, Vol: 0.0056)
2026-01-14 07:52:54 | INFO     | voltx | Current Regime: BULL
2026-01-14 07:52:57 | INFO     | voltx | Signal Generated: BUY KRW-SAFE (VBS: Price 256.0 > Target 256 (Range 4))
2026-01-14 07:52:57 | INFO     | voltx | Signal Generated: BUY KRW-ZKP (VBS: Price 215.0 > Target 213 (Range 4))
2026-01-14 07:52:58 | INFO     | voltx | Signal Generated: BUY KRW-MTL (VBS: Price 604.0 > Target 602 (Range 5))
2026-01-14 07:52:58 | INFO     | voltx | Signal Generated: BUY KRW-XRP (VBS: Price 3183.0 > Target 3131 (Range 30))
2026-01-14 07:52:59 | INFO     | voltx | Signal Generated: BUY KRW-BOUNTY (VBS: Price 51.0 > Target 50 (Range 0))
2026-01-14 07:52:59 | INFO     | voltx | Signal Generated: BUY KRW-AXS (VBS: Price 1540.0 > Target 1522 (Range 10))
2026-01-14 07:53:00 | INFO     | voltx | Signal Generated: BUY KRW-BTC (VBS: Price 140250000.0 > Target 138527000 (Range 600000))
2026-01-14 07:54:03 | INFO     | voltx | Signal Generated: BUY KRW-SAFE (VBS: Price 256.0 > Target 256 (Range 4))
2026-01-14 07:54:03 | INFO     | voltx | Signal Generated: BUY KRW-ZKP (VBS: Price 215.0 > Target 213 (Range 4))
2026-01-14 07:54:03 | INFO     | voltx | Signal Generated: BUY KRW-MTL (VBS: Price 605.0 > Target 602 (Range 5))
2026-01-14 07:54:04 | INFO     | voltx | Signal Generated: BUY KRW-XRP (VBS: Price 3183.0 > Target 3131 (Range 30))
2026-01-14 07:54:04 | INFO     | voltx | Signal Generated: BUY KRW-BOUNTY (VBS: Price 51.0 > Target 50 (Range 0))
2026-01-14 07:54:05 | INFO     | voltx | Signal Generated: BUY KRW-AXS (VBS: Price 1539.0 > Target 1522 (Range 10))
2026-01-14 07:54:05 | INFO     | voltx | Signal Generated: BUY KRW-BTC (VBS: Price 140199000.0 > Target 138527000 (Range 600000))
2026-01-14 07:55:08 | INFO     | voltx | Signal Generated: BUY KRW-SAFE (VBS: Price 256.0 > Target 256 (Range 4))
2026-01-14 07:55:08 | INFO     | voltx | Signal Generated: BUY KRW-ZKP (VBS: Price 214.0 > Target 213 (Range 4))
2026-01-14 07:55:09 | INFO     | voltx | Signal Generated: BUY KRW-MTL (VBS: Price 604.0 > Target 602 (Range 5))
2026-01-14 07:55:09 | INFO     | voltx | Signal Generated: BUY KRW-XRP (VBS: Price 3182.0 > Target 3131 (Range 30))
2026-01-14 07:55:10 | INFO     | voltx | Signal Generated: BUY KRW-BOUNTY (VBS: Price 51.0 > Target 50 (Range 0))
2026-01-14 07:55:11 | INFO     | voltx | Signal Generated: BUY KRW-AXS (VBS: Price 1540.0 > Target 1522 (Range 10))
2026-01-14 07:55:11 | INFO     | voltx | Signal Generated: BUY KRW-BTC (VBS: Price 140193000.0 > Target 138527000 (Range 600000))
2026-01-14 07:56:14 | INFO     | voltx | Signal Generated: BUY KRW-SAFE (VBS: Price 256.0 > Target 256 (Range 4))
2026-01-14 07:56:14 | INFO     | voltx | Signal Generated: BUY KRW-ZKP (VBS: Price 214.0 > Target 213 (Range 4))
2026-01-14 07:56:15 | INFO     | voltx | Signal Generated: BUY KRW-MTL (VBS: Price 604.0 > Target 602 (Range 5))
2026-01-14 07:56:15 | INFO     | voltx | Signal Generated: BUY KRW-XRP (VBS: Price 3186.0 > Target 3131 (Range 30))
2026-01-14 07:56:16 | INFO     | voltx | Signal Generated: BUY KRW-BOUNTY (VBS: Price 51.0 > Target 50 (Range 0))
2026-01-14 07:56:16 | INFO     | voltx | Signal Generated: BUY KRW-AXS (VBS: Price 1540.0 > Target 1522 (Range 10))
2026-01-14 07:56:17 | INFO     | voltx | Signal Generated: BUY KRW-BTC (VBS: Price 140199000.0 > Target 138527000 (Range 600000))
2026-01-14 07:57:20 | INFO     | voltx | Signal Generated: BUY KRW-SAFE (VBS: Price 256.0 > Target 256 (Range 4))
2026-01-14 07:57:20 | INFO     | voltx | Signal Generated: BUY KRW-ZKP (VBS: Price 215.0 > Target 213 (Range 4))
2026-01-14 07:57:20 | INFO     | voltx | Signal Generated: BUY KRW-MTL (VBS: Price 604.0 > Target 602 (Range 5))
2026-01-14 07:57:21 | INFO     | voltx | Signal Generated: BUY KRW-XRP (VBS: Price 3184.0 > Target 3131 (Range 30))
2026-01-14 07:57:21 | INFO     | voltx | Signal Generated: BUY KRW-BOUNTY (VBS: Price 51.0 > Target 50 (Range 0))
2026-01-14 07:57:22 | INFO     | voltx | Signal Generated: BUY KRW-AXS (VBS: Price 1539.0 > Target 1522 (Range 10))
2026-01-14 07:57:22 | INFO     | voltx | Signal Generated: BUY KRW-BTC (VBS: Price 140195000.0 > Target 138527000 (Range 600000))
2026-01-14 07:58:25 | INFO     | voltx | Signal Generated: BUY KRW-SAFE (VBS: Price 257.0 > Target 256 (Range 4))
2026-01-14 07:58:25 | INFO     | voltx | Signal Generated: BUY KRW-ZKP (VBS: Price 215.0 > Target 213 (Range 4))
2026-01-14 07:58:26 | INFO     | voltx | Signal Generated: BUY KRW-MTL (VBS: Price 604.0 > Target 602 (Range 5))
2026-01-14 07:58:26 | INFO     | voltx | Signal Generated: BUY KRW-XRP (VBS: Price 3183.0 > Target 3131 (Range 30))
2026-01-14 07:58:27 | INFO     | voltx | Signal Generated: BUY KRW-BOUNTY (VBS: Price 50.9 > Target 50 (Range 0))
2026-01-14 07:58:27 | INFO     | voltx | Signal Generated: BUY KRW-AXS (VBS: Price 1539.0 > Target 1522 (Range 10))
2026-01-14 07:58:28 | INFO     | voltx | Signal Generated: BUY KRW-BTC (VBS: Price 140197000.0 > Target 138527000 (Range 600000))
2026-01-14 07:59:31 | INFO     | voltx | Signal Generated: BUY KRW-SAFE (VBS: Price 257.0 > Target 256 (Range 4))
2026-01-14 07:59:31 | INFO     | voltx | Signal Generated: BUY KRW-ZKP (VBS: Price 215.0 > Target 213 (Range 4))
2026-01-14 07:59:32 | INFO     | voltx | Signal Generated: BUY KRW-MTL (VBS: Price 604.0 > Target 602 (Range 5))
2026-01-14 07:59:32 | INFO     | voltx | Signal Generated: BUY KRW-XRP (VBS: Price 3184.0 > Target 3131 (Range 30))
2026-01-14 07:59:33 | INFO     | voltx | Signal Generated: BUY KRW-BOUNTY (VBS: Price 50.9 > Target 50 (Range 0))
2026-01-14 07:59:34 | INFO     | voltx | Signal Generated: BUY KRW-AXS (VBS: Price 1537.0 > Target 1522 (Range 10))
2026-01-14 08:07:09 | INFO     | voltx | Signal Generated: BUY KRW-SAFE (DIP: Drop 1.5%, RSI 40.0, BB Touch)
2026-01-14 08:08:15 | INFO     | voltx | Signal Generated: BUY KRW-SAFE (DIP: Drop 1.5%, RSI 40.0, BB Touch)
2026-01-14 08:11:34 | INFO     | voltx | Signal Generated: BUY KRW-BOUNTY (VBS: Price 51.4 > Target 51 (Range 1))
2026-01-14 08:12:39 | INFO     | voltx | Signal Generated: BUY KRW-BOUNTY (VBS: Price 51.4 > Target 51 (Range 1))
2026-01-14 08:13:44 | INFO     | voltx | Signal Generated: BUY KRW-BOUNTY (VBS: Price 51.4 > Target 51 (Range 1))
2026-01-14 08:14:51 | INFO     | voltx | Signal Generated: BUY KRW-BOUNTY (VBS: Price 51.6 > Target 51 (Range 1))
2026-01-14 08:19:14 | INFO     | voltx | Signal Generated: BUY KRW-BOUNTY (VBS: Price 51.5 > Target 51 (Range 1))
2026-01-14 08:20:20 | INFO     | voltx | Signal Generated: BUY KRW-BOUNTY (VBS: Price 51.6 > Target 51 (Range 1))
2026-01-14 08:24:43 | INFO     | voltx | Signal Generated: BUY KRW-BOUNTY (VBS: Price 51.6 > Target 51 (Range 1))
2026-01-14 08:29:04 | INFO     | voltx | Signal Generated: BUY KRW-SAFE (DIP: Drop 1.5%, RSI 44.4, BB Touch)
2026-01-14 08:31:18 | INFO     | voltx | Signal Generated: BUY KRW-BOUNTY (VBS: Price 51.4 > Target 51 (Range 1))
2026-01-14 08:32:24 | INFO     | voltx | Signal Generated: BUY KRW-BOUNTY (VBS: Price 51.4 > Target 51 (Range 1))
2026-01-14 08:40:05 | INFO     | voltx | Signal Generated: BUY KRW-XRP (DIP: Drop 1.2%, RSI 32.0, BB Touch)
2026-01-14 08:44:30 | INFO     | voltx | Signal Generated: BUY KRW-BOUNTY (VBS: Price 51.4 > Target 51 (Range 1))
2026-01-14 08:45:35 | INFO     | voltx | Signal Generated: BUY KRW-BOUNTY (VBS: Price 51.4 > Target 51 (Range 1))
2026-01-14 08:46:41 | INFO     | voltx | Signal Generated: BUY KRW-BOUNTY (VBS: Price 51.6 > Target 51 (Range 1))
2026-01-14 08:47:50 | INFO     | voltx | Signal Generated: BUY KRW-BOUNTY (VBS: Price 51.6 > Target 51 (Range 1))
2026-01-14 08:48:58 | INFO     | voltx | Signal Generated: BUY KRW-BOUNTY (VBS: Price 51.5 > Target 51 (Range 1))
2026-01-14 08:50:04 | INFO     | voltx | Signal Generated: BUY KRW-BOUNTY (VBS: Price 51.5 > Target 51 (Range 1))
2026-01-14 08:51:11 | INFO     | voltx | Signal Generated: BUY KRW-BOUNTY (VBS: Price 51.6 > Target 51 (Range 1))
2026-01-14 08:52:18 | INFO     | voltx | Signal Generated: BUY KRW-BOUNTY (VBS: Price 51.8 > Target 51 (Range 1))
2026-01-14 08:53:19 | INFO     | voltx | Updating Regime...
2026-01-14 08:53:20 | INFO     | voltx | Regime: BULL (24h: 3.68%, 72h: 4.53%, Vol: 0.0052)
2026-01-14 08:53:20 | INFO     | voltx | Current Regime: BULL
2026-01-14 08:53:24 | INFO     | voltx | Signal Generated: BUY KRW-BOUNTY (VBS: Price 51.8 > Target 51 (Range 1))
2026-01-14 08:54:34 | INFO     | voltx | Signal Generated: BUY KRW-BOUNTY (VBS: Price 51.8 > Target 51 (Range 1))
2026-01-14 08:55:45 | INFO     | voltx | Signal Generated: BUY KRW-BOUNTY (VBS: Price 51.7 > Target 51 (Range 1))
2026-01-14 08:56:54 | INFO     | voltx | Signal Generated: BUY KRW-BOUNTY (VBS: Price 51.7 > Target 51 (Range 1))
2026-01-14 08:58:00 | INFO     | voltx | Signal Generated: BUY KRW-BOUNTY (VBS: Price 51.8 > Target 51 (Range 1))
2026-01-14 08:59:10 | INFO     | voltx | Signal Generated: BUY KRW-BOUNTY (VBS: Price 51.8 > Target 51 (Range 1))
2026-01-14 09:01:20 | INFO     | voltx | KRW-KAITO: Volume Climax Detected! (Rel: 6.1x, Shadow: 0.74)
2026-01-14 09:01:29 | INFO     | voltx | TP Triggered for KRW-AXS (PnL: 6.47%)
2026-01-14 09:01:29 | INFO     | voltx | [PAPER SELL] KRW-AXS Price:1628.0 NetPnL:17291 (6.32%) | Fixed TP
2026-01-14 09:02:31 | INFO     | voltx | KRW-KAITO: Volume Climax Detected! (Rel: 7.3x, Shadow: 0.68)
2026-01-14 09:02:33 | INFO     | voltx | Signal Generated: BUY KRW-MTL (VBS: Price 609.0 > Target 606 (Range 8))
2026-01-14 09:03:40 | INFO     | voltx | Signal Generated: BUY KRW-ZKP (DIP: Drop 1.4%, RSI 50.0, BB Touch)
2026-01-14 09:04:46 | INFO     | voltx | KRW-MTL: Volume Climax Detected! (Rel: 26.1x, Shadow: 0.61)
2026-01-14 09:04:49 | INFO     | voltx | Signal Generated: BUY KRW-MTL (VBS: Price 610.0 > Target 606 (Range 8))
2026-01-14 09:05:52 | INFO     | voltx | KRW-MTL: Volume Climax Detected! (Rel: 31.3x, Shadow: 0.44)
2026-01-14 09:05:54 | INFO     | voltx | Signal Generated: BUY KRW-ZKP (VBS: Price 220.0 > Target 219 (Range 4))
2026-01-14 09:07:00 | INFO     | voltx | Signal Generated: BUY KRW-SAFE (DIP: Drop 1.5%, RSI 54.5, BB Touch)
2026-01-14 09:07:00 | INFO     | voltx | Signal Generated: BUY KRW-MTL (DIP: Drop 3.7%, RSI 50.0, BB Touch)
2026-01-14 09:08:05 | INFO     | voltx | Signal Generated: BUY KRW-MTL (VBS: Price 609.0 > Target 606 (Range 8))
2026-01-14 09:09:10 | INFO     | voltx | Signal Generated: BUY KRW-IP (VBS: Price 5915.0 > Target 5865 (Range 160))
2026-01-14 09:09:11 | INFO     | voltx | Signal Generated: BUY KRW-ZKP (DIP: Drop 2.7%, RSI 52.9, BB Touch)
2026-01-14 09:10:13 | INFO     | voltx | Updating Universe...
2026-01-14 09:10:13 | INFO     | voltx | Scanning for Top Movers...
2026-01-14 09:10:13 | INFO     | voltx | Volume filtered candidates: 32
2026-01-14 09:10:18 | INFO     | voltx | Selected Top 10 Movers:
2026-01-14 09:10:18 | INFO     | voltx | 1. KRW-IP (Score: 1.46e+10, Vol: 0.0354)
2026-01-14 09:10:18 | INFO     | voltx | 2. KRW-SAFE (Score: 3.06e+09, Vol: 0.0650)
2026-01-14 09:10:18 | INFO     | voltx | 3. KRW-XRP (Score: 2.00e+09, Vol: 0.0063)
2026-01-14 09:10:18 | INFO     | voltx | 4. KRW-ZKP (Score: 1.64e+09, Vol: 0.0246)
2026-01-14 09:10:18 | INFO     | voltx | 5. KRW-ETH (Score: 1.44e+09, Vol: 0.0076)
2026-01-14 09:10:18 | INFO     | voltx | 6. KRW-AXS (Score: 1.38e+09, Vol: 0.0273)
2026-01-14 09:10:18 | INFO     | voltx | 7. KRW-BTC (Score: 1.11e+09, Vol: 0.0041)
2026-01-14 09:10:18 | INFO     | voltx | 8. KRW-BREV (Score: 8.63e+08, Vol: 0.0200)
2026-01-14 09:10:18 | INFO     | voltx | 9. KRW-SOL (Score: 6.77e+08, Vol: 0.0062)
2026-01-14 09:10:18 | INFO     | voltx | 10. KRW-DOGE (Score: 5.43e+08, Vol: 0.0093)
2026-01-14 09:10:18 | INFO     | voltx | Hot Symbols: ['KRW-IP', 'KRW-SAFE', 'KRW-XRP', 'KRW-ZKP', 'KRW-ETH', 'KRW-AXS', 'KRW-BTC', 'KRW-BREV', 'KRW-SOL', 'KRW-DOGE']
2026-01-14 09:10:20 | INFO     | voltx | Signal Generated: BUY KRW-IP (VBS: Price 5875.0 > Target 5865 (Range 160))
2026-01-14 09:10:20 | INFO     | voltx | Signal Generated: BUY KRW-SAFE (VBS: Price 263.0 > Target 260 (Range 4))
2026-01-14 09:10:21 | INFO     | voltx | Signal Generated: BUY KRW-ZKP (DIP: Drop 2.7%, RSI 52.9, BB Touch)
2026-01-14 09:11:24 | INFO     | voltx | KRW-IP: Volume Climax Detected! (Rel: 5.4x, Shadow: 0.39)
2026-01-14 09:11:26 | INFO     | voltx | Signal Generated: BUY KRW-SAFE (VBS: Price 261.0 > Target 260 (Range 4))
2026-01-14 09:12:31 | INFO     | voltx | Signal Generated: BUY KRW-SAFE (VBS: Price 261.0 > Target 260 (Range 4))
2026-01-14 09:12:32 | INFO     | voltx | Signal Generated: BUY KRW-ZKP (DIP: Drop 2.7%, RSI 46.7, BB Touch)
2026-01-14 09:13:36 | INFO     | voltx | Signal Generated: BUY KRW-SAFE (VBS: Price 263.0 > Target 260 (Range 4))
2026-01-14 09:13:36 | INFO     | voltx | Signal Generated: BUY KRW-ZKP (DIP: Drop 3.2%, RSI 43.8, BB Touch)
2026-01-14 09:14:41 | INFO     | voltx | Signal Generated: BUY KRW-IP (VBS: Price 5885.0 > Target 5865 (Range 160))
2026-01-14 09:14:41 | INFO     | voltx | Signal Generated: BUY KRW-SAFE (VBS: Price 264.0 > Target 260 (Range 4))
2026-01-14 09:15:45 | INFO     | voltx | KRW-BREV: Volume Spike Detected (Rel: 3.1x)
2026-01-14 09:15:46 | INFO     | voltx | Signal Generated: BUY KRW-IP (VBS: Price 5930.0 > Target 5865 (Range 160))
2026-01-14 09:15:46 | INFO     | voltx | Signal Generated: BUY KRW-SAFE (VBS: Price 261.0 > Target 260 (Range 4))
2026-01-14 09:15:47 | INFO     | voltx | Signal Generated: BUY KRW-ZKP (DIP: Drop 3.2%, RSI 45.0, BB Touch)
2026-01-14 09:16:50 | INFO     | voltx | Signal Generated: BUY KRW-IP (VBS: Price 5875.0 > Target 5865 (Range 160))
2026-01-14 09:16:51 | INFO     | voltx | Signal Generated: BUY KRW-SAFE (VBS: Price 262.0 > Target 260 (Range 4))
2026-01-14 09:16:52 | INFO     | voltx | Signal Generated: BUY KRW-ZKP (DIP: Drop 2.3%, RSI 50.0, BB Touch)
2026-01-14 09:17:56 | INFO     | voltx | Signal Generated: BUY KRW-IP (VBS: Price 5920.0 > Target 5865 (Range 160))
2026-01-14 09:17:57 | INFO     | voltx | Signal Generated: BUY KRW-SAFE (VBS: Price 264.0 > Target 260 (Range 4))
2026-01-14 09:17:57 | INFO     | voltx | Signal Generated: BUY KRW-ZKP (DIP: Drop 1.8%, RSI 52.2, BB Touch)
2026-01-14 09:19:02 | INFO     | voltx | Signal Generated: BUY KRW-IP (VBS: Price 5865.0 > Target 5865 (Range 160))
2026-01-14 09:19:02 | INFO     | voltx | Signal Generated: BUY KRW-SAFE (VBS: Price 264.0 > Target 260 (Range 4))
2026-01-14 09:20:08 | INFO     | voltx | Signal Generated: BUY KRW-IP (VBS: Price 5870.0 > Target 5865 (Range 160))
2026-01-14 09:20:08 | INFO     | voltx | Signal Generated: BUY KRW-SAFE (VBS: Price 262.0 > Target 260 (Range 4))
2026-01-14 09:21:13 | INFO     | voltx | Signal Generated: BUY KRW-IP (VBS: Price 5870.0 > Target 5865 (Range 160))
2026-01-14 09:21:13 | INFO     | voltx | Signal Generated: BUY KRW-SAFE (VBS: Price 262.0 > Target 260 (Range 4))
2026-01-14 09:22:18 | INFO     | voltx | Signal Generated: BUY KRW-IP (VBS: Price 5865.0 > Target 5865 (Range 160))
2026-01-14 09:23:23 | INFO     | voltx | Signal Generated: BUY KRW-IP (VBS: Price 5885.0 > Target 5865 (Range 160))
2026-01-14 09:24:29 | INFO     | voltx | Signal Generated: BUY KRW-IP (VBS: Price 5880.0 > Target 5865 (Range 160))
2026-01-14 09:25:33 | INFO     | voltx | Signal Generated: BUY KRW-IP (VBS: Price 5900.0 > Target 5865 (Range 160))
2026-01-14 09:26:39 | INFO     | voltx | Signal Generated: BUY KRW-IP (VBS: Price 5865.0 > Target 5865 (Range 160))
2026-01-14 09:27:44 | INFO     | voltx | Signal Generated: BUY KRW-IP (VBS: Price 5900.0 > Target 5865 (Range 160))
2026-01-14 09:28:49 | INFO     | voltx | Signal Generated: BUY KRW-IP (VBS: Price 5935.0 > Target 5865 (Range 160))
2026-01-14 09:29:54 | INFO     | voltx | Signal Generated: BUY KRW-IP (VBS: Price 5935.0 > Target 5865 (Range 160))
2026-01-14 09:31:00 | INFO     | voltx | Signal Generated: BUY KRW-IP (VBS: Price 5915.0 > Target 5865 (Range 160))
2026-01-14 09:32:04 | INFO     | voltx | Signal Generated: BUY KRW-IP (VBS: Price 5900.0 > Target 5865 (Range 160))
2026-01-14 09:33:10 | INFO     | voltx | Signal Generated: BUY KRW-IP (VBS: Price 5870.0 > Target 5865 (Range 160))
2026-01-14 09:34:14 | INFO     | voltx | Signal Generated: BUY KRW-IP (VBS: Price 5895.0 > Target 5865 (Range 160))
2026-01-14 09:35:20 | INFO     | voltx | Signal Generated: BUY KRW-IP (VBS: Price 5895.0 > Target 5865 (Range 160))
2026-01-14 09:36:25 | INFO     | voltx | Signal Generated: BUY KRW-IP (VBS: Price 5885.0 > Target 5865 (Range 160))
2026-01-14 09:37:30 | INFO     | voltx | Signal Generated: BUY KRW-IP (VBS: Price 5865.0 > Target 5865 (Range 160))
2026-01-14 09:38:35 | INFO     | voltx | Signal Generated: BUY KRW-IP (VBS: Price 5870.0 > Target 5865 (Range 160))
2026-01-14 09:39:41 | INFO     | voltx | Signal Generated: BUY KRW-SAFE (VBS: Price 260.0 > Target 260 (Range 4))
2026-01-14 09:39:43 | INFO     | voltx | Hard SL Triggered for KRW-BOUNTY (PnL: -1.57%)
2026-01-14 09:39:43 | INFO     | voltx | [PAPER SELL] KRW-BOUNTY Price:50.1 NetPnL:-4168 (-1.72%) | Hard SL
2026-01-14 09:40:45 | INFO     | voltx | KRW-DOGE: Volume Spike Detected (Rel: 3.4x)
2026-01-14 09:40:46 | INFO     | voltx | Signal Generated: BUY KRW-SAFE (VBS: Price 261.0 > Target 260 (Range 4))
2026-01-14 09:41:51 | INFO     | voltx | Signal Generated: BUY KRW-IP (VBS: Price 5880.0 > Target 5865 (Range 160))
2026-01-14 09:41:51 | INFO     | voltx | Signal Generated: BUY KRW-SAFE (VBS: Price 262.0 > Target 260 (Range 4))
2026-01-14 09:42:56 | INFO     | voltx | Signal Generated: BUY KRW-IP (VBS: Price 5875.0 > Target 5865 (Range 160))
2026-01-14 09:42:57 | INFO     | voltx | Signal Generated: BUY KRW-SAFE (VBS: Price 260.0 > Target 260 (Range 4))
2026-01-14 09:44:01 | INFO     | voltx | Signal Generated: BUY KRW-IP (VBS: Price 5865.0 > Target 5865 (Range 160))
2026-01-14 09:44:01 | INFO     | voltx | Signal Generated: BUY KRW-SAFE (VBS: Price 261.0 > Target 260 (Range 4))
2026-01-14 09:44:02 | INFO     | voltx | Signal Generated: BUY KRW-XRP (VBS: Price 3197.0 > Target 3196 (Range 47))
2026-01-14 09:45:06 | INFO     | voltx | Signal Generated: BUY KRW-IP (VBS: Price 5870.0 > Target 5865 (Range 160))
2026-01-14 09:45:07 | INFO     | voltx | Signal Generated: BUY KRW-SAFE (VBS: Price 261.0 > Target 260 (Range 4))
2026-01-14 09:46:11 | INFO     | voltx | Signal Generated: BUY KRW-SAFE (VBS: Price 261.0 > Target 260 (Range 4))
2026-01-14 09:47:17 | INFO     | voltx | Signal Generated: BUY KRW-SAFE (VBS: Price 261.0 > Target 260 (Range 4))
2026-01-14 09:48:23 | INFO     | voltx | Signal Generated: BUY KRW-SAFE (VBS: Price 260.0 > Target 260 (Range 4))
2026-01-14 09:49:27 | INFO     | voltx | Signal Generated: BUY KRW-SAFE (VBS: Price 261.0 > Target 260 (Range 4))
2026-01-14 09:50:33 | INFO     | voltx | Signal Generated: BUY KRW-SAFE (VBS: Price 260.0 > Target 260 (Range 4))
2026-01-14 09:51:38 | INFO     | voltx | Signal Generated: BUY KRW-SAFE (VBS: Price 261.0 > Target 260 (Range 4))
2026-01-14 09:52:43 | INFO     | voltx | Signal Generated: BUY KRW-SAFE (VBS: Price 262.0 > Target 260 (Range 4))
2026-01-14 09:53:46 | INFO     | voltx | Updating Regime...
2026-01-14 09:53:47 | INFO     | voltx | Regime: BULL (24h: 3.65%, 72h: 4.60%, Vol: 0.0054)
2026-01-14 09:53:47 | INFO     | voltx | Current Regime: BULL
2026-01-14 09:53:48 | INFO     | voltx | Signal Generated: BUY KRW-IP (DIP: Drop 3.1%, RSI 49.6, BB Touch)
2026-01-14 09:53:49 | INFO     | voltx | Signal Generated: BUY KRW-SAFE (VBS: Price 261.0 > Target 260 (Range 4))
2026-01-14 09:54:54 | INFO     | voltx | Signal Generated: BUY KRW-SAFE (VBS: Price 262.0 > Target 260 (Range 4))
2026-01-14 09:55:59 | INFO     | voltx | Signal Generated: BUY KRW-SAFE (VBS: Price 261.0 > Target 260 (Range 4))
2026-01-14 09:57:05 | INFO     | voltx | Signal Generated: BUY KRW-SAFE (VBS: Price 262.0 > Target 260 (Range 4))
2026-01-14 09:58:10 | INFO     | voltx | Signal Generated: BUY KRW-SAFE (VBS: Price 262.0 > Target 260 (Range 4))
2026-01-14 09:59:16 | INFO     | voltx | Signal Generated: BUY KRW-SAFE (VBS: Price 261.0 > Target 260 (Range 4))
2026-01-14 10:09:08 | INFO     | voltx | Hard SL Triggered for KRW-SAFE (PnL: -1.95%)
2026-01-14 10:09:08 | INFO     | voltx | [PAPER SELL] KRW-SAFE Price:251.0 NetPnL:-6300 (-2.10%) | Hard SL
2026-01-14 10:17:53 | INFO     | voltx | Signal Generated: BUY KRW-DOGE (VBS: Price 219.0 > Target 218 (Range 3))
2026-01-14 10:17:53 | INFO     | voltx | [PAPER BUY] KRW-DOGE Qty:1138.9089 Price:219.0 Cost:249421 | VBS: Price 219.0 > Target 218 (Range 3)
2026-01-14 10:18:57 | INFO     | voltx | Signal Generated: BUY KRW-AXS (DIP: Drop 5.3%, RSI 34.9, BB Touch)
2026-01-14 10:18:57 | INFO     | voltx | [PAPER BUY] KRW-AXS Qty:140.5091 Price:1724.0 Cost:242238 | DIP: Drop 5.3%, RSI 34.9, BB Touch
2026-01-14 10:20:02 | INFO     | voltx | Signal Generated: BUY KRW-AXS (DIP: Drop 5.5%, RSI 33.7, BB Touch)
2026-01-14 10:21:08 | INFO     | voltx | Hard SL Triggered for KRW-IP (PnL: -1.57%)
2026-01-14 10:21:08 | INFO     | voltx | [PAPER SELL] KRW-IP Price:5650.0 NetPnL:-4420 (-1.72%) | Hard SL
2026-01-14 10:21:08 | INFO     | voltx | Hard SL Triggered for KRW-ZKP (PnL: -1.88%)
2026-01-14 10:21:08 | INFO     | voltx | [PAPER SELL] KRW-ZKP Price:209.0 NetPnL:-5060 (-2.03%) | Hard SL
2026-01-14 10:21:08 | ERROR    | voltx | 🚨 Consecutive Loss Limit (4). Trading HALTED.
2026-01-14 10:23:18 | INFO     | voltx | Signal Generated: BUY KRW-AXS (DIP: Drop 5.0%, RSI 40.1, BB Touch)
2026-01-14 10:23:18 | INFO     | voltx | Signal blocked: Trading HALTED (Daily Limit/Consec Loss)
2026-01-14 10:24:23 | INFO     | voltx | Signal Generated: BUY KRW-BTC (VBS: Price 140150000.0 > Target 140145000 (Range 900000))
2026-01-14 10:24:23 | INFO     | voltx | Signal blocked: Trading HALTED (Daily Limit/Consec Loss)
2026-01-14 10:27:39 | INFO     | voltx | Signal Generated: BUY KRW-BTC (VBS: Price 140191000.0 > Target 140145000 (Range 900000))
2026-01-14 10:27:39 | INFO     | voltx | Signal blocked: Trading HALTED (Daily Limit/Consec Loss)
2026-01-14 10:28:44 | INFO     | voltx | Signal Generated: BUY KRW-BTC (VBS: Price 140202000.0 > Target 140145000 (Range 900000))
2026-01-14 10:28:44 | INFO     | voltx | Signal blocked: Trading HALTED (Daily Limit/Consec Loss)
2026-01-14 10:29:50 | INFO     | voltx | Signal Generated: BUY KRW-BTC (VBS: Price 140201000.0 > Target 140145000 (Range 900000))
2026-01-14 10:29:50 | INFO     | voltx | Signal blocked: Trading HALTED (Daily Limit/Consec Loss)
2026-01-14 10:30:55 | INFO     | voltx | Signal Generated: BUY KRW-BTC (VBS: Price 140199000.0 > Target 140145000 (Range 900000))
2026-01-14 10:30:55 | INFO     | voltx | Signal blocked: Trading HALTED (Daily Limit/Consec Loss)
2026-01-14 10:32:00 | INFO     | voltx | Signal Generated: BUY KRW-BTC (VBS: Price 140209000.0 > Target 140145000 (Range 900000))
2026-01-14 10:32:00 | INFO     | voltx | Signal blocked: Trading HALTED (Daily Limit/Consec Loss)
2026-01-14 10:33:05 | INFO     | voltx | Signal Generated: BUY KRW-BTC (VBS: Price 140215000.0 > Target 140145000 (Range 900000))
2026-01-14 10:33:05 | INFO     | voltx | Signal blocked: Trading HALTED (Daily Limit/Consec Loss)
2026-01-14 10:34:11 | INFO     | voltx | Signal Generated: BUY KRW-BTC (VBS: Price 140214000.0 > Target 140145000 (Range 900000))
2026-01-14 10:34:11 | INFO     | voltx | Signal blocked: Trading HALTED (Daily Limit/Consec Loss)
2026-01-14 10:35:16 | INFO     | voltx | Signal Generated: BUY KRW-BTC (VBS: Price 140211000.0 > Target 140145000 (Range 900000))
2026-01-14 10:35:16 | INFO     | voltx | Signal blocked: Trading HALTED (Daily Limit/Consec Loss)
2026-01-14 10:39:38 | INFO     | voltx | Signal Generated: BUY KRW-BREV (VBS: Price 503.0 > Target 503 (Range 14))
2026-01-14 10:39:38 | INFO     | voltx | Signal blocked: Trading HALTED (Daily Limit/Consec Loss)
2026-01-14 10:49:29 | INFO     | voltx | Hard SL Triggered for KRW-AXS (PnL: -1.74%)
2026-01-14 10:49:29 | INFO     | voltx | [PAPER SELL] KRW-AXS Price:1694.0 NetPnL:-4572 (-1.89%) | Hard SL
2026-01-14 10:49:29 | ERROR    | voltx | 🚨 Consecutive Loss Limit (5). Trading HALTED.
2026-01-14 10:54:52 | INFO     | voltx | Updating Regime...
2026-01-14 10:54:52 | INFO     | voltx | Regime: BULL (24h: 3.72%, 72h: 4.67%, Vol: 0.0054)
2026-01-14 10:54:52 | INFO     | voltx | Current Regime: BULL
2026-01-14 11:08:00 | INFO     | voltx | Signal Generated: BUY KRW-BREV (VBS: Price 505.0 > Target 505 (Range 10))
2026-01-14 11:08:00 | INFO     | voltx | Signal blocked: Trading HALTED (Daily Limit/Consec Loss)
2026-01-14 11:10:11 | INFO     | voltx | Signal Generated: BUY KRW-BREV (VBS: Price 505.0 > Target 505 (Range 10))
2026-01-14 11:10:11 | INFO     | voltx | Signal blocked: Trading HALTED (Daily Limit/Consec Loss)
2026-01-14 11:11:17 | INFO     | voltx | Signal Generated: BUY KRW-BREV (VBS: Price 507.0 > Target 505 (Range 10))
2026-01-14 11:11:17 | INFO     | voltx | Signal blocked: Trading HALTED (Daily Limit/Consec Loss)
2026-01-14 11:12:21 | INFO     | voltx | Signal Generated: BUY KRW-BREV (VBS: Price 506.0 > Target 505 (Range 10))
2026-01-14 11:12:21 | INFO     | voltx | Signal blocked: Trading HALTED (Daily Limit/Consec Loss)
2026-01-14 11:13:27 | INFO     | voltx | Signal Generated: BUY KRW-BREV (VBS: Price 505.0 > Target 505 (Range 10))
2026-01-14 11:13:27 | INFO     | voltx | Signal blocked: Trading HALTED (Daily Limit/Consec Loss)
2026-01-14 11:16:40 | INFO     | voltx | Signal Generated: BUY KRW-XRP (VBS: Price 3209.0 > Target 3202 (Range 21))
2026-01-14 11:16:40 | INFO     | voltx | Signal blocked: Trading HALTED (Daily Limit/Consec Loss)
2026-01-14 11:17:44 | INFO     | voltx | KRW-DOGE: Volume Climax Detected! (Rel: 5.5x, Shadow: 0.50)
2026-01-14 11:17:46 | INFO     | voltx | Signal Generated: BUY KRW-XRP (VBS: Price 3210.0 > Target 3202 (Range 21))
2026-01-14 11:17:46 | INFO     | voltx | Signal blocked: Trading HALTED (Daily Limit/Consec Loss)
2026-01-14 11:19:56 | INFO     | voltx | Signal Generated: BUY KRW-XRP (VBS: Price 3202.0 > Target 3202 (Range 21))
2026-01-14 11:19:56 | INFO     | voltx | Signal blocked: Trading HALTED (Daily Limit/Consec Loss)
2026-01-14 11:21:01 | INFO     | voltx | Signal Generated: BUY KRW-XRP (VBS: Price 3204.0 > Target 3202 (Range 21))
2026-01-14 11:21:01 | INFO     | voltx | Signal blocked: Trading HALTED (Daily Limit/Consec Loss)
2026-01-14 11:29:06 | INFO     | voltx | Starting VOLT-X in [DRY-RUN] mode | Run ID: 2026-01-14_vbs_opt_v2
2026-01-14 11:29:06 | INFO     | voltx | Updating Universe...
2026-01-14 11:29:06 | INFO     | voltx | Scanning for Top Movers...
2026-01-14 11:29:06 | INFO     | voltx | Volume filtered candidates: 35
2026-01-14 11:29:12 | INFO     | voltx | Selected Top 10 Movers:
2026-01-14 11:29:12 | INFO     | voltx | 1. KRW-IP (Score: 1.34e+10, Vol: 0.0328)
2026-01-14 11:29:12 | INFO     | voltx | 2. KRW-SAFE (Score: 3.26e+09, Vol: 0.0664)
2026-01-14 11:29:12 | INFO     | voltx | 3. KRW-AXS (Score: 3.04e+09, Vol: 0.0377)
2026-01-14 11:29:12 | INFO     | voltx | 4. KRW-BERA (Score: 2.93e+09, Vol: 0.0587)
2026-01-14 11:29:12 | INFO     | voltx | 5. KRW-XRP (Score: 2.25e+09, Vol: 0.0062)
2026-01-14 11:29:12 | INFO     | voltx | 6. KRW-ETH (Score: 1.67e+09, Vol: 0.0076)
2026-01-14 11:29:12 | INFO     | voltx | 7. KRW-ZKP (Score: 1.58e+09, Vol: 0.0254)
2026-01-14 11:29:12 | INFO     | voltx | 8. KRW-BTC (Score: 1.22e+09, Vol: 0.0041)
2026-01-14 11:29:12 | INFO     | voltx | 9. KRW-BREV (Score: 8.25e+08, Vol: 0.0194)
2026-01-14 11:29:12 | INFO     | voltx | 10. KRW-SOL (Score: 7.27e+08, Vol: 0.0062)
2026-01-14 11:29:12 | INFO     | voltx | Hot Symbols: ['KRW-IP', 'KRW-SAFE', 'KRW-AXS', 'KRW-BERA', 'KRW-XRP', 'KRW-ETH', 'KRW-ZKP', 'KRW-BTC', 'KRW-BREV', 'KRW-SOL']
2026-01-14 11:29:12 | INFO     | voltx | Updating Regime...
2026-01-14 11:29:12 | INFO     | voltx | Regime: BULL (24h: 3.89%, 72h: 4.84%, Vol: 0.0054)
2026-01-14 11:29:12 | INFO     | voltx | Current Regime: BULL
2026-01-14 11:38:30 | INFO     | voltx | Starting VOLT-X in [DRY-RUN] mode | Run ID: 2026-01-14_vbs_opt_v2_restart
2026-01-14 11:38:30 | INFO     | voltx | Updating Universe...
2026-01-14 11:38:30 | INFO     | voltx | Scanning for Top Movers...
2026-01-14 11:38:30 | INFO     | voltx | Volume filtered candidates: 35
2026-01-14 11:38:35 | INFO     | voltx | Selected Top 10 Movers:
2026-01-14 11:38:35 | INFO     | voltx | 1. KRW-IP (Score: 1.35e+10, Vol: 0.0330)
2026-01-14 11:38:35 | INFO     | voltx | 2. KRW-SAFE (Score: 3.27e+09, Vol: 0.0664)
2026-01-14 11:38:35 | INFO     | voltx | 3. KRW-AXS (Score: 3.05e+09, Vol: 0.0377)
2026-01-14 11:38:35 | INFO     | voltx | 4. KRW-BERA (Score: 3.04e+09, Vol: 0.0585)
2026-01-14 11:38:35 | INFO     | voltx | 5. KRW-XRP (Score: 2.25e+09, Vol: 0.0062)
2026-01-14 11:38:35 | INFO     | voltx | 6. KRW-ETH (Score: 1.68e+09, Vol: 0.0076)
2026-01-14 11:38:35 | INFO     | voltx | 7. KRW-ZKP (Score: 1.58e+09, Vol: 0.0253)
2026-01-14 11:38:35 | INFO     | voltx | 8. KRW-BTC (Score: 1.22e+09, Vol: 0.0041)
2026-01-14 11:38:35 | INFO     | voltx | 9. KRW-BREV (Score: 8.26e+08, Vol: 0.0195)
2026-01-14 11:38:35 | INFO     | voltx | 10. KRW-SOL (Score: 7.28e+08, Vol: 0.0062)
2026-01-14 11:38:35 | INFO     | voltx | Hot Symbols: ['KRW-IP', 'KRW-SAFE', 'KRW-AXS', 'KRW-BERA', 'KRW-XRP', 'KRW-ETH', 'KRW-ZKP', 'KRW-BTC', 'KRW-BREV', 'KRW-SOL']
2026-01-14 11:38:35 | INFO     | voltx | Updating Regime...
2026-01-14 11:38:36 | INFO     | voltx | Regime: BULL (24h: 3.97%, 72h: 4.92%, Vol: 0.0054)
2026-01-14 11:38:36 | INFO     | voltx | Current Regime: BULL
2026-01-14 11:38:40 | INFO     | voltx | Signal Generated: BUY KRW-BREV (DIP: Drop 1.6%, RSI 43.8, BB Touch)
2026-01-14 11:38:40 | INFO     | voltx | [PAPER BUY] KRW-BREV Qty:721.4429 Price:499.0 Cost:360000 | DIP: Drop 1.6%, RSI 43.8, BB Touch
2026-01-14 11:40:48 | INFO     | voltx | Signal Generated: BUY KRW-BREV (DIP: Drop 1.4%, RSI 50.0, BB Touch)
2026-01-14 11:41:53 | INFO     | voltx | Signal Generated: BUY KRW-BREV (DIP: Drop 1.6%, RSI 46.7, BB Touch)
2026-01-14 12:15:07 | INFO     | voltx | KRW-SAFE: Volume Spike Detected (Rel: 3.5x)
2026-01-14 12:26:59 | INFO     | voltx | KRW-ZKP: Volume Spike Detected (Rel: 4.1x)
2026-01-14 12:37:48 | INFO     | voltx | Signal Generated: BUY KRW-IP (DIP: Drop 2.0%, RSI 43.5, BB Touch)
2026-01-14 12:37:48 | INFO     | voltx | [PAPER BUY] KRW-IP Qty:60.4599 Price:5740.0 Cost:347040 | DIP: Drop 2.0%, RSI 43.5, BB Touch
2026-01-14 12:38:51 | INFO     | voltx | Updating Regime...
2026-01-14 12:38:51 | INFO     | voltx | Regime: BULL (24h: 4.02%, 72h: 4.97%, Vol: 0.0054)
2026-01-14 12:38:51 | INFO     | voltx | Current Regime: BULL
2026-01-14 12:39:58 | INFO     | voltx | Signal Generated: BUY KRW-IP (DIP: Drop 1.5%, RSI 52.5, BB Touch)
2026-01-14 12:53:58 | INFO     | voltx | Signal Generated: BUY KRW-BERA (DIP: Drop 1.7%, RSI 50.9, BB Touch)
2026-01-14 12:53:58 | INFO     | voltx | [PAPER BUY] KRW-BERA Qty:324.8025 Price:1030.0 Cost:334547 | DIP: Drop 1.7%, RSI 50.9, BB Touch
2026-01-14 13:02:33 | INFO     | voltx | KRW-ETH: Volume Spike Detected (Rel: 4.7x)
2026-01-14 13:06:52 | INFO     | voltx | KRW-AXS: Volume Spike Detected (Rel: 4.3x)
2026-01-14 13:11:12 | INFO     | voltx | KRW-SOL: Volume Spike Detected (Rel: 3.4x)
2026-01-14 13:24:14 | INFO     | voltx | Signal Generated: BUY KRW-AXS (VBS: Price 1733.0 > Target 1730 (Range 26, k=0.7))
2026-01-14 13:24:14 | INFO     | voltx | [PAPER BUY] KRW-AXS Qty:186.0951 Price:1733.0 Cost:322503 | VBS: Price 1733.0 > Target 1730 (Range 26, k=0.7)
2026-01-14 13:27:29 | INFO     | voltx | Signal Generated: BUY KRW-AXS (VBS: Price 1731.0 > Target 1730 (Range 26, k=0.7))
2026-01-14 13:39:22 | INFO     | voltx | Updating Regime...
2026-01-14 13:39:22 | INFO     | voltx | Regime: BULL (24h: 3.41%, 72h: 4.96%, Vol: 0.0055)
2026-01-14 13:39:22 | INFO     | voltx | Current Regime: BULL
2026-01-14 13:40:26 | INFO     | voltx | KRW-IP: Volume Spike Detected (Rel: 3.2x)
2026-01-14 13:40:32 | INFO     | voltx | Hard SL Triggered for KRW-BERA (PnL: -1.55%)
2026-01-14 13:40:32 | INFO     | voltx | [PAPER SELL] KRW-BERA Price:1014.0 NetPnL:-5691 (-1.70%) | Hard SL
2026-01-14 13:51:21 | INFO     | voltx | Signal Generated: BUY KRW-IP (VBS: Price 5925.0 > Target 5869 (Range 120, k=0.7))
2026-01-14 13:52:24 | INFO     | voltx | KRW-XRP: Volume Spike Detected (Rel: 3.1x)
2026-01-14 13:54:37 | INFO     | voltx | Signal Generated: BUY KRW-IP (VBS: Price 5915.0 > Target 5869 (Range 120, k=0.7))
2026-01-14 13:57:53 | INFO     | voltx | Signal Generated: BUY KRW-IP (VBS: Price 5905.0 > Target 5869 (Range 120, k=0.7))
2026-01-14 13:58:56 | INFO     | voltx | KRW-SAFE: Volume Climax Detected! (Rel: 6.4x, Shadow: 0.50)
2026-01-14 13:58:56 | WARNING  | voltx | KRW-SAFE marked EXHAUSTED (Climax + RSI 71.4). Cooldown 60m.
2026-01-14 14:06:34 | INFO     | voltx | Signal Generated: BUY KRW-IP (DIP: Drop 4.0%, RSI 38.8, BB Touch)
2026-01-14 14:07:39 | INFO     | voltx | Signal Generated: BUY KRW-IP (DIP: Drop 3.7%, RSI 41.0, BB Touch)
2026-01-14 14:08:44 | INFO     | voltx | Signal Generated: BUY KRW-IP (DIP: Drop 3.6%, RSI 42.4, BB Touch)
2026-01-14 14:23:56 | INFO     | voltx | KRW-BTC: Volume Spike Detected (Rel: 3.2x)
2026-01-14 14:39:11 | INFO     | voltx | Starting VOLT-X in [DRY-RUN] mode | Run ID: 2026-01-14_vbs_opt_extended
2026-01-14 14:39:11 | INFO     | voltx | Updating Universe...
2026-01-14 14:39:11 | INFO     | voltx | Scanning for Top Movers...
2026-01-14 14:39:13 | INFO     | voltx | Volume filtered candidates: 39
2026-01-14 14:39:19 | INFO     | voltx | Selected Top 10 Movers:
2026-01-14 14:39:19 | INFO     | voltx | 1. KRW-IP (Score: 1.36e+10, Vol: 0.0323)
2026-01-14 14:39:19 | INFO     | voltx | 2. KRW-BERA (Score: 3.66e+09, Vol: 0.0588)
2026-01-14 14:39:19 | INFO     | voltx | 3. KRW-AXS (Score: 3.40e+09, Vol: 0.0379)
2026-01-14 14:39:19 | INFO     | voltx | 4. KRW-XRP (Score: 2.61e+09, Vol: 0.0068)
2026-01-14 14:39:19 | INFO     | voltx | 5. KRW-ETH (Score: 1.83e+09, Vol: 0.0079)
2026-01-14 14:39:19 | INFO     | voltx | 6. KRW-ZKP (Score: 1.59e+09, Vol: 0.0253)
2026-01-14 14:39:19 | INFO     | voltx | 7. KRW-BTC (Score: 1.27e+09, Vol: 0.0042)
2026-01-14 14:39:19 | INFO     | voltx | 8. KRW-SAFE (Score: 1.10e+09, Vol: 0.0216)
2026-01-14 14:39:19 | INFO     | voltx | 9. KRW-BREV (Score: 7.86e+08, Vol: 0.0194)
2026-01-14 14:39:19 | INFO     | voltx | 10. KRW-SOL (Score: 7.82e+08, Vol: 0.0065)
2026-01-14 14:39:19 | INFO     | voltx | Hot Symbols: ['KRW-IP', 'KRW-BERA', 'KRW-AXS', 'KRW-XRP', 'KRW-ETH', 'KRW-ZKP', 'KRW-BTC', 'KRW-SAFE', 'KRW-BREV', 'KRW-SOL']
2026-01-14 14:39:19 | INFO     | voltx | Updating Regime...
2026-01-14 14:39:19 | INFO     | voltx | Regime: BULL (24h: 3.21%, 72h: 4.76%, Vol: 0.0056)
2026-01-14 14:39:19 | INFO     | voltx | Current Regime: BULL
2026-01-14 14:40:24 | INFO     | voltx | KRW-AXS: Volume Spike Detected (Rel: 3.2x)
2026-01-14 14:43:38 | INFO     | voltx | Starting VOLT-X in [DRY-RUN] mode | Run ID: 2026-01-14_vbs_opt_v3_ts
2026-01-14 14:43:38 | INFO     | voltx | Updating Universe...
2026-01-14 14:43:38 | INFO     | voltx | Scanning for Top Movers...
2026-01-14 14:43:38 | INFO     | voltx | Volume filtered candidates: 38
2026-01-14 14:43:44 | INFO     | voltx | Selected Top 10 Movers:
2026-01-14 14:43:44 | INFO     | voltx | 1. KRW-IP (Score: 1.37e+10, Vol: 0.0324)
2026-01-14 14:43:44 | INFO     | voltx | 2. KRW-BERA (Score: 3.69e+09, Vol: 0.0588)
2026-01-14 14:43:44 | INFO     | voltx | 3. KRW-AXS (Score: 3.55e+09, Vol: 0.0387)
2026-01-14 14:43:44 | INFO     | voltx | 4. KRW-XRP (Score: 2.63e+09, Vol: 0.0068)
2026-01-14 14:43:44 | INFO     | voltx | 5. KRW-ETH (Score: 1.84e+09, Vol: 0.0079)
2026-01-14 14:43:44 | INFO     | voltx | 6. KRW-ZKP (Score: 1.59e+09, Vol: 0.0253)
2026-01-14 14:43:44 | INFO     | voltx | 7. KRW-BTC (Score: 1.28e+09, Vol: 0.0042)
2026-01-14 14:43:44 | INFO     | voltx | 8. KRW-SAFE (Score: 1.10e+09, Vol: 0.0216)
2026-01-14 14:43:44 | INFO     | voltx | 9. KRW-BREV (Score: 7.86e+08, Vol: 0.0194)
2026-01-14 14:43:44 | INFO     | voltx | 10. KRW-SOL (Score: 7.82e+08, Vol: 0.0065)
2026-01-14 14:43:44 | INFO     | voltx | Hot Symbols: ['KRW-IP', 'KRW-BERA', 'KRW-AXS', 'KRW-XRP', 'KRW-ETH', 'KRW-ZKP', 'KRW-BTC', 'KRW-SAFE', 'KRW-BREV', 'KRW-SOL']
2026-01-14 14:43:44 | INFO     | voltx | Updating Regime...
2026-01-14 14:43:44 | INFO     | voltx | Regime: BULL (24h: 3.11%, 72h: 4.65%, Vol: 0.0056)
2026-01-14 14:43:44 | INFO     | voltx | Current Regime: BULL
2026-01-14 14:43:45 | INFO     | voltx | KRW-AXS: Volume Spike Detected (Rel: 4.3x)
